{"C:\\Users\\Sandro\\Documents\\Cursos\\uDemy\\CashTracker\\Backend\\src\\server.ts": {"path":"C:\\Users\\Sandro\\Documents\\Cursos\\uDemy\\CashTracker\\Backend\\src\\server.ts","statementMap":{"0":{"start":{"line":8,"column":0},"end":{"line":8,"column":7}},"1":{"start":{"line":1,"column":0},"end":{"line":1,"column":29}},"2":{"start":{"line":2,"column":0},"end":{"line":2,"column":27}},"3":{"start":{"line":3,"column":0},"end":{"line":3,"column":27}},"4":{"start":{"line":4,"column":0},"end":{"line":4,"column":32}},"5":{"start":{"line":5,"column":0},"end":{"line":5,"column":48}},"6":{"start":{"line":6,"column":0},"end":{"line":6,"column":44}},"7":{"start":{"line":9,"column":4},"end":{"line":15,"column":5}},"8":{"start":{"line":10,"column":8},"end":{"line":10,"column":32}},"9":{"start":{"line":11,"column":8},"end":{"line":11,"column":18}},"10":{"start":{"line":12,"column":8},"end":{"line":12,"column":null}},"11":{"start":{"line":14,"column":8},"end":{"line":14,"column":null}},"12":{"start":{"line":18,"column":0},"end":{"line":18,"column":null}},"13":{"start":{"line":20,"column":12},"end":{"line":20,"column":21}},"14":{"start":{"line":22,"column":0},"end":{"line":22,"column":null}},"15":{"start":{"line":24,"column":0},"end":{"line":24,"column":null}},"16":{"start":{"line":26,"column":0},"end":{"line":26,"column":null}},"17":{"start":{"line":27,"column":0},"end":{"line":27,"column":null}},"18":{"start":{"line":29,"column":0},"end":{"line":29,"column":null}}},"fnMap":{"0":{"name":"connectDB","decl":{"start":{"line":8,"column":22},"end":{"line":8,"column":31}},"loc":{"start":{"line":8,"column":31},"end":{"line":16,"column":1}}}},"branchMap":{},"s":{"0":1,"1":1,"2":1,"3":1,"4":1,"5":1,"6":1,"7":1,"8":1,"9":1,"10":1,"11":0,"12":1,"13":1,"14":1,"15":1,"16":1,"17":1,"18":1},"f":{"0":1},"b":{}}
,"C:\\Users\\Sandro\\Documents\\Cursos\\uDemy\\CashTracker\\Backend\\src\\config\\db.ts": {"path":"C:\\Users\\Sandro\\Documents\\Cursos\\uDemy\\CashTracker\\Backend\\src\\config\\db.ts","statementMap":{"0":{"start":{"line":1,"column":0},"end":{"line":1,"column":48}},"1":{"start":{"line":2,"column":0},"end":{"line":2,"column":27}},"2":{"start":{"line":3,"column":0},"end":{"line":3,"column":16}},"3":{"start":{"line":5,"column":13},"end":{"line":13,"column":3}}},"fnMap":{},"branchMap":{},"s":{"0":1,"1":1,"2":1,"3":1},"f":{},"b":{}}
,"C:\\Users\\Sandro\\Documents\\Cursos\\uDemy\\CashTracker\\Backend\\src\\config\\limiter.ts": {"path":"C:\\Users\\Sandro\\Documents\\Cursos\\uDemy\\CashTracker\\Backend\\src\\config\\limiter.ts","statementMap":{"0":{"start":{"line":1,"column":0},"end":{"line":1,"column":46}},"1":{"start":{"line":3,"column":13},"end":{"line":7,"column":null}}},"fnMap":{},"branchMap":{"0":{"loc":{"start":{"line":5,"column":11},"end":{"line":5,"column":58}},"type":"cond-expr","locations":[{"start":{"line":5,"column":51},"end":{"line":5,"column":52}},{"start":{"line":5,"column":55},"end":{"line":5,"column":58}}]}},"s":{"0":1,"1":1},"f":{},"b":{"0":[0,1]}}
,"C:\\Users\\Sandro\\Documents\\Cursos\\uDemy\\CashTracker\\Backend\\src\\config\\nodemailer.ts": {"path":"C:\\Users\\Sandro\\Documents\\Cursos\\uDemy\\CashTracker\\Backend\\src\\config\\nodemailer.ts","statementMap":{"0":{"start":{"line":1,"column":0},"end":{"line":1,"column":35}},"1":{"start":{"line":2,"column":0},"end":{"line":2,"column":27}},"2":{"start":{"line":3,"column":0},"end":{"line":3,"column":null}},"3":{"start":{"line":14,"column":15},"end":{"line":23,"column":1}},"4":{"start":{"line":15,"column":4},"end":{"line":22,"column":null}},"5":{"start":{"line":26,"column":13},"end":{"line":26,"column":62}}},"fnMap":{"0":{"name":"(anonymous_1)","decl":{"start":{"line":14,"column":15},"end":{"line":14,"column":35}},"loc":{"start":{"line":14,"column":37},"end":{"line":23,"column":1}}}},"branchMap":{},"s":{"0":2,"1":2,"2":2,"3":2,"4":2,"5":2},"f":{"0":2},"b":{}}
,"C:\\Users\\Sandro\\Documents\\Cursos\\uDemy\\CashTracker\\Backend\\src\\controllers\\AuthController.ts": {"path":"C:\\Users\\Sandro\\Documents\\Cursos\\uDemy\\CashTracker\\Backend\\src\\controllers\\AuthController.ts","statementMap":{"0":{"start":{"line":2,"column":0},"end":{"line":2,"column":33}},"1":{"start":{"line":3,"column":0},"end":{"line":3,"column":60}},"2":{"start":{"line":4,"column":0},"end":{"line":4,"column":47}},"3":{"start":{"line":5,"column":0},"end":{"line":5,"column":48}},"4":{"start":{"line":6,"column":0},"end":{"line":6,"column":43}},"5":{"start":{"line":9,"column":27},"end":{"line":44,"column":5}},"6":{"start":{"line":11,"column":36},"end":{"line":11,"column":44}},"7":{"start":{"line":14,"column":27},"end":{"line":14,"column":67}},"8":{"start":{"line":15,"column":8},"end":{"line":19,"column":9}},"9":{"start":{"line":16,"column":26},"end":{"line":16,"column":59}},"10":{"start":{"line":17,"column":12},"end":{"line":17,"column":null}},"11":{"start":{"line":18,"column":12},"end":{"line":18,"column":18}},"12":{"start":{"line":21,"column":8},"end":{"line":43,"column":9}},"13":{"start":{"line":22,"column":25},"end":{"line":22,"column":52}},"14":{"start":{"line":23,"column":12},"end":{"line":23,"column":57}},"15":{"start":{"line":24,"column":26},"end":{"line":24,"column":41}},"16":{"start":{"line":25,"column":12},"end":{"line":25,"column":31}},"17":{"start":{"line":27,"column":12},"end":{"line":29,"column":13}},"18":{"start":{"line":28,"column":16},"end":{"line":28,"column":64}},"19":{"start":{"line":31,"column":12},"end":{"line":31,"column":null}},"20":{"start":{"line":33,"column":12},"end":{"line":37,"column":15}},"21":{"start":{"line":39,"column":12},"end":{"line":39,"column":null}},"22":{"start":{"line":42,"column":12},"end":{"line":42,"column":null}},"23":{"start":{"line":46,"column":28},"end":{"line":61,"column":5}},"24":{"start":{"line":47,"column":26},"end":{"line":47,"column":34}},"25":{"start":{"line":49,"column":21},"end":{"line":49,"column":68}},"26":{"start":{"line":50,"column":8},"end":{"line":54,"column":9}},"27":{"start":{"line":51,"column":26},"end":{"line":51,"column":54}},"28":{"start":{"line":52,"column":12},"end":{"line":52,"column":null}},"29":{"start":{"line":53,"column":12},"end":{"line":53,"column":18}},"30":{"start":{"line":56,"column":8},"end":{"line":56,"column":null}},"31":{"start":{"line":57,"column":8},"end":{"line":57,"column":null}},"32":{"start":{"line":58,"column":8},"end":{"line":58,"column":null}},"33":{"start":{"line":60,"column":8},"end":{"line":60,"column":52}},"34":{"start":{"line":63,"column":19},"end":{"line":90,"column":5}},"35":{"start":{"line":65,"column":36},"end":{"line":65,"column":44}},"36":{"start":{"line":67,"column":21},"end":{"line":67,"column":61}},"37":{"start":{"line":68,"column":8},"end":{"line":72,"column":9}},"38":{"start":{"line":69,"column":26},"end":{"line":69,"column":60}},"39":{"start":{"line":70,"column":12},"end":{"line":70,"column":null}},"40":{"start":{"line":71,"column":12},"end":{"line":71,"column":18}},"41":{"start":{"line":74,"column":8},"end":{"line":78,"column":9}},"42":{"start":{"line":75,"column":26},"end":{"line":75,"column":70}},"43":{"start":{"line":76,"column":12},"end":{"line":76,"column":null}},"44":{"start":{"line":77,"column":12},"end":{"line":77,"column":18}},"45":{"start":{"line":80,"column":34},"end":{"line":80,"column":78}},"46":{"start":{"line":81,"column":8},"end":{"line":85,"column":9}},"47":{"start":{"line":82,"column":26},"end":{"line":82,"column":58}},"48":{"start":{"line":83,"column":12},"end":{"line":83,"column":null}},"49":{"start":{"line":84,"column":12},"end":{"line":84,"column":18}},"50":{"start":{"line":87,"column":22},"end":{"line":87,"column":42}},"51":{"start":{"line":89,"column":8},"end":{"line":89,"column":null}},"52":{"start":{"line":92,"column":28},"end":{"line":112,"column":5}},"53":{"start":{"line":93,"column":26},"end":{"line":93,"column":34}},"54":{"start":{"line":95,"column":21},"end":{"line":95,"column":61}},"55":{"start":{"line":96,"column":8},"end":{"line":100,"column":9}},"56":{"start":{"line":97,"column":26},"end":{"line":97,"column":60}},"57":{"start":{"line":98,"column":12},"end":{"line":98,"column":null}},"58":{"start":{"line":99,"column":12},"end":{"line":99,"column":18}},"59":{"start":{"line":102,"column":8},"end":{"line":102,"column":null}},"60":{"start":{"line":103,"column":8},"end":{"line":103,"column":null}},"61":{"start":{"line":105,"column":8},"end":{"line":109,"column":null}},"62":{"start":{"line":111,"column":8},"end":{"line":111,"column":null}},"63":{"start":{"line":114,"column":27},"end":{"line":124,"column":5}},"64":{"start":{"line":115,"column":26},"end":{"line":115,"column":34}},"65":{"start":{"line":117,"column":28},"end":{"line":117,"column":75}},"66":{"start":{"line":118,"column":8},"end":{"line":122,"column":9}},"67":{"start":{"line":119,"column":26},"end":{"line":119,"column":54}},"68":{"start":{"line":120,"column":12},"end":{"line":120,"column":null}},"69":{"start":{"line":121,"column":12},"end":{"line":121,"column":18}},"70":{"start":{"line":123,"column":8},"end":{"line":123,"column":36}},"71":{"start":{"line":126,"column":36},"end":{"line":143,"column":5}},"72":{"start":{"line":127,"column":26},"end":{"line":127,"column":36}},"73":{"start":{"line":128,"column":29},"end":{"line":128,"column":37}},"74":{"start":{"line":130,"column":21},"end":{"line":130,"column":68}},"75":{"start":{"line":131,"column":8},"end":{"line":135,"column":9}},"76":{"start":{"line":132,"column":26},"end":{"line":132,"column":54}},"77":{"start":{"line":133,"column":12},"end":{"line":133,"column":null}},"78":{"start":{"line":134,"column":12},"end":{"line":134,"column":18}},"79":{"start":{"line":138,"column":8},"end":{"line":138,"column":null}},"80":{"start":{"line":139,"column":8},"end":{"line":139,"column":null}},"81":{"start":{"line":140,"column":8},"end":{"line":140,"column":null}},"82":{"start":{"line":142,"column":8},"end":{"line":142,"column":null}},"83":{"start":{"line":145,"column":18},"end":{"line":147,"column":5}},"84":{"start":{"line":146,"column":8},"end":{"line":146,"column":null}},"85":{"start":{"line":149,"column":39},"end":{"line":166,"column":5}},"86":{"start":{"line":150,"column":47},"end":{"line":150,"column":55}},"87":{"start":{"line":151,"column":23},"end":{"line":151,"column":31}},"88":{"start":{"line":153,"column":21},"end":{"line":153,"column":44}},"89":{"start":{"line":155,"column":34},"end":{"line":155,"column":86}},"90":{"start":{"line":156,"column":8},"end":{"line":160,"column":9}},"91":{"start":{"line":157,"column":26},"end":{"line":157,"column":71}},"92":{"start":{"line":158,"column":12},"end":{"line":158,"column":null}},"93":{"start":{"line":159,"column":12},"end":{"line":159,"column":18}},"94":{"start":{"line":162,"column":8},"end":{"line":162,"column":null}},"95":{"start":{"line":163,"column":8},"end":{"line":163,"column":null}},"96":{"start":{"line":165,"column":8},"end":{"line":165,"column":null}},"97":{"start":{"line":168,"column":27},"end":{"line":181,"column":5}},"98":{"start":{"line":169,"column":29},"end":{"line":169,"column":37}},"99":{"start":{"line":170,"column":23},"end":{"line":170,"column":31}},"100":{"start":{"line":172,"column":21},"end":{"line":172,"column":44}},"101":{"start":{"line":174,"column":34},"end":{"line":174,"column":78}},"102":{"start":{"line":175,"column":8},"end":{"line":179,"column":9}},"103":{"start":{"line":176,"column":26},"end":{"line":176,"column":71}},"104":{"start":{"line":177,"column":12},"end":{"line":177,"column":null}},"105":{"start":{"line":178,"column":12},"end":{"line":178,"column":18}},"106":{"start":{"line":180,"column":8},"end":{"line":180,"column":null}},"107":{"start":{"line":8,"column":0},"end":{"line":8,"column":13}}},"fnMap":{"0":{"name":"(anonymous_1)","decl":{"start":{"line":9,"column":27},"end":{"line":9,"column":32}},"loc":{"start":{"line":9,"column":65},"end":{"line":44,"column":5}}},"1":{"name":"(anonymous_2)","decl":{"start":{"line":46,"column":28},"end":{"line":46,"column":33}},"loc":{"start":{"line":46,"column":66},"end":{"line":61,"column":5}}},"2":{"name":"(anonymous_3)","decl":{"start":{"line":63,"column":19},"end":{"line":63,"column":24}},"loc":{"start":{"line":63,"column":57},"end":{"line":90,"column":5}}},"3":{"name":"(anonymous_4)","decl":{"start":{"line":92,"column":28},"end":{"line":92,"column":33}},"loc":{"start":{"line":92,"column":66},"end":{"line":112,"column":5}}},"4":{"name":"(anonymous_5)","decl":{"start":{"line":114,"column":27},"end":{"line":114,"column":32}},"loc":{"start":{"line":114,"column":65},"end":{"line":124,"column":5}}},"5":{"name":"(anonymous_6)","decl":{"start":{"line":126,"column":36},"end":{"line":126,"column":41}},"loc":{"start":{"line":126,"column":74},"end":{"line":143,"column":5}}},"6":{"name":"(anonymous_7)","decl":{"start":{"line":145,"column":18},"end":{"line":145,"column":23}},"loc":{"start":{"line":145,"column":56},"end":{"line":147,"column":5}}},"7":{"name":"(anonymous_8)","decl":{"start":{"line":149,"column":39},"end":{"line":149,"column":44}},"loc":{"start":{"line":149,"column":77},"end":{"line":166,"column":5}}},"8":{"name":"(anonymous_9)","decl":{"start":{"line":168,"column":27},"end":{"line":168,"column":32}},"loc":{"start":{"line":168,"column":65},"end":{"line":181,"column":5}}}},"branchMap":{"0":{"loc":{"start":{"line":15,"column":8},"end":{"line":19,"column":9}},"type":"if","locations":[{"start":{"line":15,"column":8},"end":{"line":19,"column":9}}]},"1":{"loc":{"start":{"line":27,"column":12},"end":{"line":29,"column":13}},"type":"if","locations":[{"start":{"line":27,"column":12},"end":{"line":29,"column":13}}]},"2":{"loc":{"start":{"line":50,"column":8},"end":{"line":54,"column":9}},"type":"if","locations":[{"start":{"line":50,"column":8},"end":{"line":54,"column":9}}]},"3":{"loc":{"start":{"line":68,"column":8},"end":{"line":72,"column":9}},"type":"if","locations":[{"start":{"line":68,"column":8},"end":{"line":72,"column":9}}]},"4":{"loc":{"start":{"line":74,"column":8},"end":{"line":78,"column":9}},"type":"if","locations":[{"start":{"line":74,"column":8},"end":{"line":78,"column":9}}]},"5":{"loc":{"start":{"line":81,"column":8},"end":{"line":85,"column":9}},"type":"if","locations":[{"start":{"line":81,"column":8},"end":{"line":85,"column":9}}]},"6":{"loc":{"start":{"line":96,"column":8},"end":{"line":100,"column":9}},"type":"if","locations":[{"start":{"line":96,"column":8},"end":{"line":100,"column":9}}]},"7":{"loc":{"start":{"line":118,"column":8},"end":{"line":122,"column":9}},"type":"if","locations":[{"start":{"line":118,"column":8},"end":{"line":122,"column":9}}]},"8":{"loc":{"start":{"line":131,"column":8},"end":{"line":135,"column":9}},"type":"if","locations":[{"start":{"line":131,"column":8},"end":{"line":135,"column":9}}]},"9":{"loc":{"start":{"line":156,"column":8},"end":{"line":160,"column":9}},"type":"if","locations":[{"start":{"line":156,"column":8},"end":{"line":160,"column":9}}]},"10":{"loc":{"start":{"line":175,"column":8},"end":{"line":179,"column":9}},"type":"if","locations":[{"start":{"line":175,"column":8},"end":{"line":179,"column":9}}]}},"s":{"0":2,"1":2,"2":2,"3":2,"4":2,"5":2,"6":4,"7":4,"8":4,"9":3,"10":3,"11":3,"12":1,"13":1,"14":1,"15":1,"16":1,"17":1,"18":1,"19":1,"20":1,"21":1,"22":0,"23":2,"24":1,"25":1,"26":1,"27":1,"28":1,"29":1,"30":0,"31":0,"32":0,"33":0,"34":2,"35":13,"36":13,"37":13,"38":2,"39":2,"40":2,"41":11,"42":2,"43":2,"44":2,"45":9,"46":9,"47":2,"48":2,"49":2,"50":7,"51":7,"52":2,"53":0,"54":0,"55":0,"56":0,"57":0,"58":0,"59":0,"60":0,"61":0,"62":0,"63":2,"64":0,"65":0,"66":0,"67":0,"68":0,"69":0,"70":0,"71":2,"72":0,"73":0,"74":0,"75":0,"76":0,"77":0,"78":0,"79":0,"80":0,"81":0,"82":0,"83":2,"84":0,"85":2,"86":0,"87":0,"88":0,"89":0,"90":0,"91":0,"92":0,"93":0,"94":0,"95":0,"96":0,"97":2,"98":0,"99":0,"100":0,"101":0,"102":0,"103":0,"104":0,"105":0,"106":0,"107":2},"f":{"0":4,"1":1,"2":13,"3":0,"4":0,"5":0,"6":0,"7":0,"8":0},"b":{"0":[3],"1":[1],"2":[1],"3":[2],"4":[2],"5":[2],"6":[0],"7":[0],"8":[0],"9":[0],"10":[0]}}
,"C:\\Users\\Sandro\\Documents\\Cursos\\uDemy\\CashTracker\\Backend\\src\\controllers\\BudgetController.ts": {"path":"C:\\Users\\Sandro\\Documents\\Cursos\\uDemy\\CashTracker\\Backend\\src\\controllers\\BudgetController.ts","statementMap":{"0":{"start":{"line":2,"column":0},"end":{"line":2,"column":38}},"1":{"start":{"line":3,"column":0},"end":{"line":3,"column":40}},"2":{"start":{"line":6,"column":20},"end":{"line":23,"column":5}},"3":{"start":{"line":7,"column":8},"end":{"line":21,"column":9}},"4":{"start":{"line":8,"column":28},"end":{"line":16,"column":14}},"5":{"start":{"line":17,"column":12},"end":{"line":17,"column":30}},"6":{"start":{"line":18,"column":12},"end":{"line":18,"column":28}},"7":{"start":{"line":20,"column":12},"end":{"line":20,"column":61}},"8":{"start":{"line":25,"column":20},"end":{"line":34,"column":5}},"9":{"start":{"line":26,"column":8},"end":{"line":33,"column":9}},"10":{"start":{"line":27,"column":27},"end":{"line":27,"column":56}},"11":{"start":{"line":28,"column":12},"end":{"line":28,"column":null}},"12":{"start":{"line":29,"column":12},"end":{"line":29,"column":32}},"13":{"start":{"line":30,"column":12},"end":{"line":30,"column":69}},"14":{"start":{"line":32,"column":12},"end":{"line":32,"column":61}},"15":{"start":{"line":36,"column":21},"end":{"line":43,"column":5}},"16":{"start":{"line":37,"column":23},"end":{"line":39,"column":10}},"17":{"start":{"line":42,"column":8},"end":{"line":42,"column":25}},"18":{"start":{"line":45,"column":24},"end":{"line":48,"column":5}},"19":{"start":{"line":46,"column":8},"end":{"line":46,"column":42}},"20":{"start":{"line":47,"column":8},"end":{"line":47,"column":70}},"21":{"start":{"line":50,"column":24},"end":{"line":53,"column":5}},"22":{"start":{"line":51,"column":8},"end":{"line":51,"column":35}},"23":{"start":{"line":52,"column":8},"end":{"line":52,"column":68}},"24":{"start":{"line":5,"column":0},"end":{"line":5,"column":13}}},"fnMap":{"0":{"name":"(anonymous_1)","decl":{"start":{"line":6,"column":20},"end":{"line":6,"column":25}},"loc":{"start":{"line":6,"column":58},"end":{"line":23,"column":5}}},"1":{"name":"(anonymous_2)","decl":{"start":{"line":25,"column":20},"end":{"line":25,"column":25}},"loc":{"start":{"line":25,"column":58},"end":{"line":34,"column":5}}},"2":{"name":"(anonymous_3)","decl":{"start":{"line":36,"column":21},"end":{"line":36,"column":26}},"loc":{"start":{"line":36,"column":59},"end":{"line":43,"column":5}}},"3":{"name":"(anonymous_4)","decl":{"start":{"line":45,"column":24},"end":{"line":45,"column":29}},"loc":{"start":{"line":45,"column":62},"end":{"line":48,"column":5}}},"4":{"name":"(anonymous_5)","decl":{"start":{"line":50,"column":24},"end":{"line":50,"column":29}},"loc":{"start":{"line":50,"column":62},"end":{"line":53,"column":5}}}},"branchMap":{},"s":{"0":2,"1":2,"2":2,"3":5,"4":5,"5":4,"6":4,"7":1,"8":2,"9":3,"10":3,"11":2,"12":2,"13":2,"14":1,"15":2,"16":3,"17":3,"18":2,"19":1,"20":1,"21":2,"22":1,"23":1,"24":2},"f":{"0":5,"1":3,"2":3,"3":1,"4":1},"b":{}}
,"C:\\Users\\Sandro\\Documents\\Cursos\\uDemy\\CashTracker\\Backend\\src\\controllers\\ExpenseController.ts": {"path":"C:\\Users\\Sandro\\Documents\\Cursos\\uDemy\\CashTracker\\Backend\\src\\controllers\\ExpenseController.ts","statementMap":{"0":{"start":{"line":2,"column":0},"end":{"line":2,"column":39}},"1":{"start":{"line":6,"column":20},"end":{"line":16,"column":5}},"2":{"start":{"line":7,"column":8},"end":{"line":15,"column":9}},"3":{"start":{"line":8,"column":28},"end":{"line":8,"column":58}},"4":{"start":{"line":10,"column":12},"end":{"line":10,"column":null}},"5":{"start":{"line":11,"column":12},"end":{"line":11,"column":null}},"6":{"start":{"line":12,"column":12},"end":{"line":12,"column":null}},"7":{"start":{"line":14,"column":12},"end":{"line":14,"column":null}},"8":{"start":{"line":18,"column":21},"end":{"line":20,"column":5}},"9":{"start":{"line":19,"column":8},"end":{"line":19,"column":null}},"10":{"start":{"line":22,"column":24},"end":{"line":25,"column":5}},"11":{"start":{"line":23,"column":8},"end":{"line":23,"column":null}},"12":{"start":{"line":24,"column":8},"end":{"line":24,"column":null}},"13":{"start":{"line":27,"column":24},"end":{"line":30,"column":5}},"14":{"start":{"line":28,"column":8},"end":{"line":28,"column":null}},"15":{"start":{"line":29,"column":8},"end":{"line":29,"column":null}},"16":{"start":{"line":4,"column":0},"end":{"line":4,"column":13}}},"fnMap":{"0":{"name":"(anonymous_1)","decl":{"start":{"line":6,"column":20},"end":{"line":6,"column":25}},"loc":{"start":{"line":6,"column":58},"end":{"line":16,"column":5}}},"1":{"name":"(anonymous_2)","decl":{"start":{"line":18,"column":21},"end":{"line":18,"column":26}},"loc":{"start":{"line":18,"column":59},"end":{"line":20,"column":5}}},"2":{"name":"(anonymous_3)","decl":{"start":{"line":22,"column":24},"end":{"line":22,"column":29}},"loc":{"start":{"line":22,"column":62},"end":{"line":25,"column":5}}},"3":{"name":"(anonymous_4)","decl":{"start":{"line":27,"column":24},"end":{"line":27,"column":29}},"loc":{"start":{"line":27,"column":62},"end":{"line":30,"column":5}}}},"branchMap":{},"s":{"0":2,"1":2,"2":2,"3":2,"4":1,"5":1,"6":1,"7":1,"8":2,"9":1,"10":2,"11":1,"12":1,"13":2,"14":1,"15":1,"16":2},"f":{"0":2,"1":1,"2":1,"3":1},"b":{}}
,"C:\\Users\\Sandro\\Documents\\Cursos\\uDemy\\CashTracker\\Backend\\src\\emails\\AuthEmail.ts": {"path":"C:\\Users\\Sandro\\Documents\\Cursos\\uDemy\\CashTracker\\Backend\\src\\emails\\AuthEmail.ts","statementMap":{"0":{"start":{"line":1,"column":0},"end":{"line":1,"column":48}},"1":{"start":{"line":10,"column":35},"end":{"line":24,"column":5}},"2":{"start":{"line":11,"column":22},"end":{"line":21,"column":10}},"3":{"start":{"line":23,"column":8},"end":{"line":23,"column":57}},"4":{"start":{"line":26,"column":36},"end":{"line":40,"column":5}},"5":{"start":{"line":27,"column":22},"end":{"line":37,"column":10}},"6":{"start":{"line":39,"column":8},"end":{"line":39,"column":57}},"7":{"start":{"line":9,"column":0},"end":{"line":9,"column":13}}},"fnMap":{"0":{"name":"(anonymous_0)","decl":{"start":{"line":10,"column":35},"end":{"line":10,"column":40}},"loc":{"start":{"line":10,"column":61},"end":{"line":24,"column":5}}},"1":{"name":"(anonymous_1)","decl":{"start":{"line":26,"column":36},"end":{"line":26,"column":41}},"loc":{"start":{"line":26,"column":62},"end":{"line":40,"column":5}}}},"branchMap":{},"s":{"0":2,"1":2,"2":0,"3":0,"4":2,"5":0,"6":0,"7":2},"f":{"0":0,"1":0},"b":{}}
,"C:\\Users\\Sandro\\Documents\\Cursos\\uDemy\\CashTracker\\Backend\\src\\middleware\\auth.ts": {"path":"C:\\Users\\Sandro\\Documents\\Cursos\\uDemy\\CashTracker\\Backend\\src\\middleware\\auth.ts","statementMap":{"0":{"start":{"line":2,"column":0},"end":{"line":2,"column":30}},"1":{"start":{"line":3,"column":0},"end":{"line":3,"column":33}},"2":{"start":{"line":13,"column":28},"end":{"line":41,"column":1}},"3":{"start":{"line":14,"column":19},"end":{"line":14,"column":44}},"4":{"start":{"line":16,"column":4},"end":{"line":20,"column":5}},"5":{"start":{"line":17,"column":22},"end":{"line":17,"column":48}},"6":{"start":{"line":18,"column":8},"end":{"line":18,"column":null}},"7":{"start":{"line":19,"column":8},"end":{"line":19,"column":14}},"8":{"start":{"line":22,"column":22},"end":{"line":22,"column":39}},"9":{"start":{"line":24,"column":4},"end":{"line":28,"column":5}},"10":{"start":{"line":25,"column":22},"end":{"line":25,"column":48}},"11":{"start":{"line":26,"column":8},"end":{"line":26,"column":null}},"12":{"start":{"line":27,"column":8},"end":{"line":27,"column":14}},"13":{"start":{"line":30,"column":4},"end":{"line":40,"column":5}},"14":{"start":{"line":31,"column":24},"end":{"line":31,"column":65}},"15":{"start":{"line":32,"column":8},"end":{"line":37,"column":9}},"16":{"start":{"line":33,"column":12},"end":{"line":35,"column":null}},"17":{"start":{"line":36,"column":12},"end":{"line":36,"column":null}},"18":{"start":{"line":39,"column":8},"end":{"line":39,"column":null}},"19":{"start":{"line":13,"column":13},"end":{"line":13,"column":28}}},"fnMap":{"0":{"name":"(anonymous_1)","decl":{"start":{"line":13,"column":28},"end":{"line":13,"column":33}},"loc":{"start":{"line":13,"column":86},"end":{"line":41,"column":1}}}},"branchMap":{"0":{"loc":{"start":{"line":16,"column":4},"end":{"line":20,"column":5}},"type":"if","locations":[{"start":{"line":16,"column":4},"end":{"line":20,"column":5}}]},"1":{"loc":{"start":{"line":24,"column":4},"end":{"line":28,"column":5}},"type":"if","locations":[{"start":{"line":24,"column":4},"end":{"line":28,"column":5}}]},"2":{"loc":{"start":{"line":32,"column":8},"end":{"line":37,"column":9}},"type":"if","locations":[{"start":{"line":32,"column":8},"end":{"line":37,"column":9}}]},"3":{"loc":{"start":{"line":32,"column":12},"end":{"line":32,"column":53}},"type":"binary-expr","locations":[{"start":{"line":32,"column":12},"end":{"line":32,"column":39}},{"start":{"line":32,"column":43},"end":{"line":32,"column":53}}]}},"s":{"0":1,"1":1,"2":1,"3":16,"4":16,"5":5,"6":5,"7":5,"8":11,"9":11,"10":0,"11":0,"12":0,"13":11,"14":11,"15":10,"16":10,"17":10,"18":1,"19":1},"f":{"0":16},"b":{"0":[5],"1":[0],"2":[10],"3":[10,10]}}
,"C:\\Users\\Sandro\\Documents\\Cursos\\uDemy\\CashTracker\\Backend\\src\\middleware\\budget.ts": {"path":"C:\\Users\\Sandro\\Documents\\Cursos\\uDemy\\CashTracker\\Backend\\src\\middleware\\budget.ts","statementMap":{"0":{"start":{"line":54,"column":0},"end":{"line":54,"column":16}},"1":{"start":{"line":2,"column":0},"end":{"line":2,"column":66}},"2":{"start":{"line":3,"column":0},"end":{"line":3,"column":38}},"3":{"start":{"line":13,"column":32},"end":{"line":24,"column":1}},"4":{"start":{"line":14,"column":4},"end":{"line":16,"column":18}},"5":{"start":{"line":15,"column":25},"end":{"line":15,"column":34}},"6":{"start":{"line":18,"column":17},"end":{"line":18,"column":38}},"7":{"start":{"line":19,"column":4},"end":{"line":22,"column":5}},"8":{"start":{"line":20,"column":8},"end":{"line":20,"column":null}},"9":{"start":{"line":21,"column":8},"end":{"line":21,"column":14}},"10":{"start":{"line":23,"column":4},"end":{"line":23,"column":11}},"11":{"start":{"line":13,"column":13},"end":{"line":13,"column":32}},"12":{"start":{"line":26,"column":36},"end":{"line":40,"column":1}},"13":{"start":{"line":27,"column":4},"end":{"line":39,"column":5}},"14":{"start":{"line":28,"column":29},"end":{"line":28,"column":39}},"15":{"start":{"line":29,"column":23},"end":{"line":29,"column":54}},"16":{"start":{"line":30,"column":8},"end":{"line":34,"column":9}},"17":{"start":{"line":31,"column":26},"end":{"line":31,"column":64}},"18":{"start":{"line":32,"column":12},"end":{"line":32,"column":59}},"19":{"start":{"line":33,"column":12},"end":{"line":33,"column":18}},"20":{"start":{"line":35,"column":8},"end":{"line":35,"column":28}},"21":{"start":{"line":36,"column":8},"end":{"line":36,"column":15}},"22":{"start":{"line":38,"column":8},"end":{"line":38,"column":57}},"23":{"start":{"line":26,"column":13},"end":{"line":26,"column":36}},"24":{"start":{"line":42,"column":35},"end":{"line":52,"column":1}},"25":{"start":{"line":43,"column":4},"end":{"line":44,"column":null}},"26":{"start":{"line":46,"column":4},"end":{"line":49,"column":null}},"27":{"start":{"line":49,"column":25},"end":{"line":49,"column":34}},"28":{"start":{"line":51,"column":4},"end":{"line":51,"column":11}},"29":{"start":{"line":42,"column":13},"end":{"line":42,"column":35}},"30":{"start":{"line":55,"column":4},"end":{"line":59,"column":5}},"31":{"start":{"line":56,"column":22},"end":{"line":56,"column":51}},"32":{"start":{"line":57,"column":8},"end":{"line":57,"column":null}},"33":{"start":{"line":58,"column":8},"end":{"line":58,"column":14}},"34":{"start":{"line":61,"column":4},"end":{"line":61,"column":null}}},"fnMap":{"0":{"name":"(anonymous_1)","decl":{"start":{"line":13,"column":32},"end":{"line":13,"column":37}},"loc":{"start":{"line":13,"column":90},"end":{"line":24,"column":1}}},"1":{"name":"(anonymous_2)","decl":{"start":{"line":15,"column":16},"end":{"line":15,"column":21}},"loc":{"start":{"line":15,"column":25},"end":{"line":15,"column":34}}},"2":{"name":"(anonymous_3)","decl":{"start":{"line":26,"column":36},"end":{"line":26,"column":41}},"loc":{"start":{"line":26,"column":94},"end":{"line":40,"column":1}}},"3":{"name":"(anonymous_4)","decl":{"start":{"line":42,"column":35},"end":{"line":42,"column":40}},"loc":{"start":{"line":42,"column":93},"end":{"line":52,"column":1}}},"4":{"name":"(anonymous_5)","decl":{"start":{"line":49,"column":16},"end":{"line":49,"column":21}},"loc":{"start":{"line":49,"column":25},"end":{"line":49,"column":34}}},"5":{"name":"hasAccess","decl":{"start":{"line":54,"column":16},"end":{"line":54,"column":25}},"loc":{"start":{"line":54,"column":73},"end":{"line":62,"column":1}}}},"branchMap":{"0":{"loc":{"start":{"line":19,"column":4},"end":{"line":22,"column":5}},"type":"if","locations":[{"start":{"line":19,"column":4},"end":{"line":22,"column":5}}]},"1":{"loc":{"start":{"line":30,"column":8},"end":{"line":34,"column":9}},"type":"if","locations":[{"start":{"line":30,"column":8},"end":{"line":34,"column":9}}]},"2":{"loc":{"start":{"line":55,"column":4},"end":{"line":59,"column":5}},"type":"if","locations":[{"start":{"line":55,"column":4},"end":{"line":59,"column":5}}]}},"s":{"0":3,"1":3,"2":3,"3":3,"4":7,"5":6,"6":7,"7":7,"8":1,"9":1,"10":6,"11":3,"12":3,"13":9,"14":9,"15":9,"16":8,"17":7,"18":7,"19":7,"20":1,"21":1,"22":1,"23":3,"24":3,"25":2,"26":2,"27":2,"28":2,"29":3,"30":3,"31":2,"32":2,"33":2,"34":1},"f":{"0":7,"1":6,"2":9,"3":2,"4":2,"5":3},"b":{"0":[1],"1":[7],"2":[2]}}
,"C:\\Users\\Sandro\\Documents\\Cursos\\uDemy\\CashTracker\\Backend\\src\\middleware\\expense.ts": {"path":"C:\\Users\\Sandro\\Documents\\Cursos\\uDemy\\CashTracker\\Backend\\src\\middleware\\expense.ts","statementMap":{"0":{"start":{"line":2,"column":0},"end":{"line":2,"column":66}},"1":{"start":{"line":3,"column":0},"end":{"line":3,"column":40}},"2":{"start":{"line":13,"column":36},"end":{"line":23,"column":1}},"3":{"start":{"line":14,"column":4},"end":{"line":15,"column":null}},"4":{"start":{"line":17,"column":4},"end":{"line":20,"column":null}},"5":{"start":{"line":20,"column":25},"end":{"line":20,"column":34}},"6":{"start":{"line":22,"column":4},"end":{"line":22,"column":null}},"7":{"start":{"line":13,"column":13},"end":{"line":13,"column":36}},"8":{"start":{"line":25,"column":33},"end":{"line":36,"column":1}},"9":{"start":{"line":26,"column":4},"end":{"line":28,"column":null}},"10":{"start":{"line":26,"column":53},"end":{"line":26,"column":62}},"11":{"start":{"line":30,"column":17},"end":{"line":30,"column":38}},"12":{"start":{"line":31,"column":4},"end":{"line":34,"column":5}},"13":{"start":{"line":32,"column":8},"end":{"line":32,"column":null}},"14":{"start":{"line":33,"column":8},"end":{"line":33,"column":14}},"15":{"start":{"line":35,"column":4},"end":{"line":35,"column":null}},"16":{"start":{"line":25,"column":13},"end":{"line":25,"column":33}},"17":{"start":{"line":38,"column":37},"end":{"line":52,"column":1}},"18":{"start":{"line":39,"column":4},"end":{"line":51,"column":5}},"19":{"start":{"line":40,"column":30},"end":{"line":40,"column":40}},"20":{"start":{"line":41,"column":24},"end":{"line":41,"column":57}},"21":{"start":{"line":42,"column":8},"end":{"line":46,"column":9}},"22":{"start":{"line":43,"column":26},"end":{"line":43,"column":58}},"23":{"start":{"line":44,"column":12},"end":{"line":44,"column":59}},"24":{"start":{"line":45,"column":12},"end":{"line":45,"column":18}},"25":{"start":{"line":47,"column":8},"end":{"line":47,"column":30}},"26":{"start":{"line":48,"column":8},"end":{"line":48,"column":15}},"27":{"start":{"line":50,"column":8},"end":{"line":50,"column":57}},"28":{"start":{"line":38,"column":13},"end":{"line":38,"column":37}}},"fnMap":{"0":{"name":"(anonymous_1)","decl":{"start":{"line":13,"column":36},"end":{"line":13,"column":41}},"loc":{"start":{"line":13,"column":94},"end":{"line":23,"column":1}}},"1":{"name":"(anonymous_2)","decl":{"start":{"line":20,"column":16},"end":{"line":20,"column":21}},"loc":{"start":{"line":20,"column":25},"end":{"line":20,"column":34}}},"2":{"name":"(anonymous_3)","decl":{"start":{"line":25,"column":33},"end":{"line":25,"column":38}},"loc":{"start":{"line":25,"column":91},"end":{"line":36,"column":1}}},"3":{"name":"(anonymous_4)","decl":{"start":{"line":26,"column":44},"end":{"line":26,"column":49}},"loc":{"start":{"line":26,"column":53},"end":{"line":26,"column":62}}},"4":{"name":"(anonymous_5)","decl":{"start":{"line":38,"column":37},"end":{"line":38,"column":42}},"loc":{"start":{"line":38,"column":95},"end":{"line":52,"column":1}}}},"branchMap":{"0":{"loc":{"start":{"line":31,"column":4},"end":{"line":34,"column":5}},"type":"if","locations":[{"start":{"line":31,"column":4},"end":{"line":34,"column":5}}]},"1":{"loc":{"start":{"line":42,"column":8},"end":{"line":46,"column":9}},"type":"if","locations":[{"start":{"line":42,"column":8},"end":{"line":46,"column":9}}]}},"s":{"0":2,"1":2,"2":2,"3":0,"4":0,"5":0,"6":0,"7":2,"8":2,"9":0,"10":0,"11":0,"12":0,"13":0,"14":0,"15":0,"16":2,"17":2,"18":3,"19":3,"20":3,"21":2,"22":1,"23":1,"24":1,"25":1,"26":1,"27":1,"28":2},"f":{"0":0,"1":0,"2":0,"3":0,"4":3},"b":{"0":[0],"1":[1]}}
,"C:\\Users\\Sandro\\Documents\\Cursos\\uDemy\\CashTracker\\Backend\\src\\middleware\\validation.ts": {"path":"C:\\Users\\Sandro\\Documents\\Cursos\\uDemy\\CashTracker\\Backend\\src\\middleware\\validation.ts","statementMap":{"0":{"start":{"line":2,"column":0},"end":{"line":2,"column":52}},"1":{"start":{"line":4,"column":33},"end":{"line":11,"column":1}},"2":{"start":{"line":5,"column":17},"end":{"line":5,"column":38}},"3":{"start":{"line":6,"column":4},"end":{"line":9,"column":5}},"4":{"start":{"line":7,"column":8},"end":{"line":7,"column":null}},"5":{"start":{"line":8,"column":8},"end":{"line":8,"column":14}},"6":{"start":{"line":10,"column":4},"end":{"line":10,"column":null}},"7":{"start":{"line":4,"column":13},"end":{"line":4,"column":33}}},"fnMap":{"0":{"name":"(anonymous_0)","decl":{"start":{"line":4,"column":33},"end":{"line":4,"column":34}},"loc":{"start":{"line":4,"column":85},"end":{"line":11,"column":1}}}},"branchMap":{"0":{"loc":{"start":{"line":6,"column":4},"end":{"line":9,"column":5}},"type":"if","locations":[{"start":{"line":6,"column":4},"end":{"line":9,"column":5}}]}},"s":{"0":1,"1":1,"2":21,"3":21,"4":8,"5":8,"6":13,"7":1},"f":{"0":21},"b":{"0":[8]}}
,"C:\\Users\\Sandro\\Documents\\Cursos\\uDemy\\CashTracker\\Backend\\src\\models\\Budget.ts": {"path":"C:\\Users\\Sandro\\Documents\\Cursos\\uDemy\\CashTracker\\Backend\\src\\models\\Budget.ts","statementMap":{"0":{"start":{"line":1,"column":0},"end":{"line":1,"column":112}},"1":{"start":{"line":2,"column":0},"end":{"line":2,"column":31}},"2":{"start":{"line":3,"column":0},"end":{"line":3,"column":25}},"3":{"start":{"line":11,"column":0},"end":{"line":35,"column":null}},"4":{"start":{"line":16,"column":12},"end":{"line":16,"column":null}},"5":{"start":{"line":22,"column":12},"end":{"line":22,"column":null}},"6":{"start":{"line":28,"column":12},"end":{"line":28,"column":null}},"7":{"start":{"line":24,"column":19},"end":{"line":24,"column":26}},"8":{"start":{"line":31,"column":12},"end":{"line":31,"column":null}},"9":{"start":{"line":30,"column":22},"end":{"line":30,"column":26}},"10":{"start":{"line":34,"column":12},"end":{"line":34,"column":null}},"11":{"start":{"line":33,"column":21},"end":{"line":33,"column":25}},"12":{"start":{"line":11,"column":6},"end":{"line":35,"column":null}},"13":{"start":{"line":37,"column":0},"end":{"line":37,"column":null}}},"fnMap":{"0":{"name":"(anonymous_3)","decl":{"start":{"line":24,"column":13},"end":{"line":24,"column":16}},"loc":{"start":{"line":24,"column":19},"end":{"line":24,"column":26}}},"1":{"name":"(anonymous_4)","decl":{"start":{"line":30,"column":16},"end":{"line":30,"column":19}},"loc":{"start":{"line":30,"column":22},"end":{"line":30,"column":26}}},"2":{"name":"(anonymous_5)","decl":{"start":{"line":33,"column":15},"end":{"line":33,"column":18}},"loc":{"start":{"line":33,"column":21},"end":{"line":33,"column":25}}}},"branchMap":{},"s":{"0":3,"1":3,"2":3,"3":3,"4":3,"5":3,"6":3,"7":2,"8":3,"9":2,"10":3,"11":2,"12":3,"13":3},"f":{"0":2,"1":2,"2":2},"b":{}}
,"C:\\Users\\Sandro\\Documents\\Cursos\\uDemy\\CashTracker\\Backend\\src\\models\\Expense.ts": {"path":"C:\\Users\\Sandro\\Documents\\Cursos\\uDemy\\CashTracker\\Backend\\src\\models\\Expense.ts","statementMap":{"0":{"start":{"line":1,"column":0},"end":{"line":1,"column":103}},"1":{"start":{"line":2,"column":0},"end":{"line":2,"column":29}},"2":{"start":{"line":8,"column":0},"end":{"line":28,"column":null}},"3":{"start":{"line":14,"column":12},"end":{"line":14,"column":null}},"4":{"start":{"line":20,"column":12},"end":{"line":20,"column":null}},"5":{"start":{"line":23,"column":12},"end":{"line":23,"column":null}},"6":{"start":{"line":22,"column":22},"end":{"line":22,"column":28}},"7":{"start":{"line":27,"column":12},"end":{"line":27,"column":null}},"8":{"start":{"line":26,"column":21},"end":{"line":26,"column":27}},"9":{"start":{"line":8,"column":6},"end":{"line":28,"column":null}},"10":{"start":{"line":29,"column":0},"end":{"line":29,"column":null}}},"fnMap":{"0":{"name":"(anonymous_3)","decl":{"start":{"line":22,"column":16},"end":{"line":22,"column":19}},"loc":{"start":{"line":22,"column":22},"end":{"line":22,"column":28}}},"1":{"name":"(anonymous_4)","decl":{"start":{"line":26,"column":15},"end":{"line":26,"column":18}},"loc":{"start":{"line":26,"column":21},"end":{"line":26,"column":27}}}},"branchMap":{},"s":{"0":3,"1":3,"2":3,"3":3,"4":3,"5":3,"6":2,"7":3,"8":2,"9":3,"10":3},"f":{"0":2,"1":2},"b":{}}
,"C:\\Users\\Sandro\\Documents\\Cursos\\uDemy\\CashTracker\\Backend\\src\\models\\User.ts": {"path":"C:\\Users\\Sandro\\Documents\\Cursos\\uDemy\\CashTracker\\Backend\\src\\models\\User.ts","statementMap":{"0":{"start":{"line":1,"column":0},"end":{"line":1,"column":106}},"1":{"start":{"line":2,"column":0},"end":{"line":2,"column":29}},"2":{"start":{"line":8,"column":0},"end":{"line":44,"column":null}},"3":{"start":{"line":13,"column":12},"end":{"line":13,"column":null}},"4":{"start":{"line":19,"column":12},"end":{"line":19,"column":null}},"5":{"start":{"line":26,"column":12},"end":{"line":26,"column":null}},"6":{"start":{"line":31,"column":12},"end":{"line":31,"column":null}},"7":{"start":{"line":37,"column":12},"end":{"line":37,"column":null}},"8":{"start":{"line":43,"column":12},"end":{"line":43,"column":null}},"9":{"start":{"line":39,"column":19},"end":{"line":39,"column":25}},"10":{"start":{"line":8,"column":6},"end":{"line":44,"column":null}},"11":{"start":{"line":45,"column":0},"end":{"line":45,"column":null}}},"fnMap":{"0":{"name":"(anonymous_3)","decl":{"start":{"line":39,"column":13},"end":{"line":39,"column":16}},"loc":{"start":{"line":39,"column":19},"end":{"line":39,"column":25}}}},"branchMap":{},"s":{"0":3,"1":3,"2":3,"3":3,"4":3,"5":3,"6":3,"7":3,"8":3,"9":2,"10":3,"11":3},"f":{"0":2},"b":{}}
,"C:\\Users\\Sandro\\Documents\\Cursos\\uDemy\\CashTracker\\Backend\\src\\routes\\authRouter.ts": {"path":"C:\\Users\\Sandro\\Documents\\Cursos\\uDemy\\CashTracker\\Backend\\src\\routes\\authRouter.ts","statementMap":{"0":{"start":{"line":1,"column":0},"end":{"line":1,"column":33}},"1":{"start":{"line":2,"column":0},"end":{"line":2,"column":47}},"2":{"start":{"line":3,"column":0},"end":{"line":3,"column":63}},"3":{"start":{"line":4,"column":0},"end":{"line":4,"column":61}},"4":{"start":{"line":5,"column":0},"end":{"line":5,"column":44}},"5":{"start":{"line":6,"column":0},"end":{"line":6,"column":50}},"6":{"start":{"line":9,"column":15},"end":{"line":9,"column":23}},"7":{"start":{"line":11,"column":0},"end":{"line":11,"column":null}},"8":{"start":{"line":13,"column":0},"end":{"line":21,"column":null}},"9":{"start":{"line":23,"column":0},"end":{"line":28,"column":null}},"10":{"start":{"line":30,"column":0},"end":{"line":36,"column":null}},"11":{"start":{"line":38,"column":0},"end":{"line":42,"column":null}},"12":{"start":{"line":44,"column":0},"end":{"line":50,"column":null}},"13":{"start":{"line":52,"column":0},"end":{"line":60,"column":null}},"14":{"start":{"line":62,"column":0},"end":{"line":64,"column":null}},"15":{"start":{"line":66,"column":0},"end":{"line":73,"column":null}},"16":{"start":{"line":75,"column":0},"end":{"line":80,"column":null}},"17":{"start":{"line":82,"column":0},"end":{"line":82,"column":22}}},"fnMap":{},"branchMap":{},"s":{"0":1,"1":1,"2":1,"3":1,"4":1,"5":1,"6":1,"7":1,"8":1,"9":1,"10":1,"11":1,"12":1,"13":1,"14":1,"15":1,"16":1,"17":1},"f":{},"b":{}}
,"C:\\Users\\Sandro\\Documents\\Cursos\\uDemy\\CashTracker\\Backend\\src\\routes\\budgetRouter.ts": {"path":"C:\\Users\\Sandro\\Documents\\Cursos\\uDemy\\CashTracker\\Backend\\src\\routes\\budgetRouter.ts","statementMap":{"0":{"start":{"line":1,"column":0},"end":{"line":1,"column":32}},"1":{"start":{"line":3,"column":0},"end":{"line":3,"column":67}},"2":{"start":{"line":4,"column":0},"end":{"line":4,"column":61}},"3":{"start":{"line":5,"column":0},"end":{"line":5,"column":110}},"4":{"start":{"line":6,"column":0},"end":{"line":6,"column":70}},"5":{"start":{"line":7,"column":0},"end":{"line":7,"column":103}},"6":{"start":{"line":8,"column":0},"end":{"line":8,"column":50}},"7":{"start":{"line":10,"column":15},"end":{"line":10,"column":23}},"8":{"start":{"line":12,"column":0},"end":{"line":12,"column":25}},"9":{"start":{"line":16,"column":0},"end":{"line":16,"column":null}},"10":{"start":{"line":17,"column":0},"end":{"line":17,"column":47}},"11":{"start":{"line":18,"column":0},"end":{"line":18,"column":null}},"12":{"start":{"line":20,"column":0},"end":{"line":20,"column":null}},"13":{"start":{"line":21,"column":0},"end":{"line":21,"column":null}},"14":{"start":{"line":25,"column":0},"end":{"line":25,"column":null}},"15":{"start":{"line":27,"column":0},"end":{"line":27,"column":null}},"16":{"start":{"line":29,"column":0},"end":{"line":32,"column":null}},"17":{"start":{"line":35,"column":0},"end":{"line":38,"column":null}},"18":{"start":{"line":40,"column":0},"end":{"line":40,"column":null}},"19":{"start":{"line":44,"column":0},"end":{"line":47,"column":null}},"20":{"start":{"line":49,"column":0},"end":{"line":52,"column":null}},"21":{"start":{"line":54,"column":0},"end":{"line":57,"column":null}},"22":{"start":{"line":59,"column":0},"end":{"line":59,"column":null}},"23":{"start":{"line":62,"column":0},"end":{"line":62,"column":null}}},"fnMap":{},"branchMap":{},"s":{"0":1,"1":1,"2":1,"3":1,"4":1,"5":1,"6":1,"7":1,"8":1,"9":1,"10":1,"11":1,"12":1,"13":1,"14":1,"15":1,"16":1,"17":1,"18":1,"19":1,"20":1,"21":1,"22":1,"23":1},"f":{},"b":{}}
,"C:\\Users\\Sandro\\Documents\\Cursos\\uDemy\\CashTracker\\Backend\\src\\tests\\mocks\\budgets.ts": {"path":"C:\\Users\\Sandro\\Documents\\Cursos\\uDemy\\CashTracker\\Backend\\src\\tests\\mocks\\budgets.ts","statementMap":{"0":{"start":{"line":1,"column":13},"end":{"line":71,"column":2}}},"fnMap":{},"branchMap":{},"s":{"0":3},"f":{},"b":{}}
,"C:\\Users\\Sandro\\Documents\\Cursos\\uDemy\\CashTracker\\Backend\\src\\tests\\mocks\\expenses.ts": {"path":"C:\\Users\\Sandro\\Documents\\Cursos\\uDemy\\CashTracker\\Backend\\src\\tests\\mocks\\expenses.ts","statementMap":{"0":{"start":{"line":1,"column":13},"end":{"line":26,"column":null}}},"fnMap":{},"branchMap":{},"s":{"0":2},"f":{},"b":{}}
,"C:\\Users\\Sandro\\Documents\\Cursos\\uDemy\\CashTracker\\Backend\\src\\utils\\auth.ts": {"path":"C:\\Users\\Sandro\\Documents\\Cursos\\uDemy\\CashTracker\\Backend\\src\\utils\\auth.ts","statementMap":{"0":{"start":{"line":1,"column":0},"end":{"line":1,"column":27}},"1":{"start":{"line":3,"column":28},"end":{"line":6,"column":1}},"2":{"start":{"line":4,"column":17},"end":{"line":4,"column":41}},"3":{"start":{"line":5,"column":4},"end":{"line":5,"column":null}},"4":{"start":{"line":3,"column":13},"end":{"line":3,"column":28}},"5":{"start":{"line":8,"column":29},"end":{"line":10,"column":1}},"6":{"start":{"line":9,"column":4},"end":{"line":9,"column":null}},"7":{"start":{"line":8,"column":13},"end":{"line":8,"column":29}}},"fnMap":{"0":{"name":"(anonymous_1)","decl":{"start":{"line":3,"column":28},"end":{"line":3,"column":33}},"loc":{"start":{"line":3,"column":55},"end":{"line":6,"column":1}}},"1":{"name":"(anonymous_2)","decl":{"start":{"line":8,"column":29},"end":{"line":8,"column":34}},"loc":{"start":{"line":8,"column":70},"end":{"line":10,"column":1}}}},"branchMap":{},"s":{"0":2,"1":2,"2":0,"3":0,"4":2,"5":2,"6":5,"7":2},"f":{"0":0,"1":5},"b":{}}
,"C:\\Users\\Sandro\\Documents\\Cursos\\uDemy\\CashTracker\\Backend\\src\\utils\\jwt.ts": {"path":"C:\\Users\\Sandro\\Documents\\Cursos\\uDemy\\CashTracker\\Backend\\src\\utils\\jwt.ts","statementMap":{"0":{"start":{"line":1,"column":0},"end":{"line":1,"column":30}},"1":{"start":{"line":2,"column":0},"end":{"line":2,"column":27}},"2":{"start":{"line":3,"column":0},"end":{"line":3,"column":null}},"3":{"start":{"line":5,"column":27},"end":{"line":10,"column":1}},"4":{"start":{"line":6,"column":18},"end":{"line":8,"column":6}},"5":{"start":{"line":9,"column":4},"end":{"line":9,"column":null}},"6":{"start":{"line":5,"column":13},"end":{"line":5,"column":27}}},"fnMap":{"0":{"name":"(anonymous_1)","decl":{"start":{"line":5,"column":27},"end":{"line":5,"column":28}},"loc":{"start":{"line":5,"column":42},"end":{"line":10,"column":1}}}},"branchMap":{},"s":{"0":2,"1":2,"2":2,"3":2,"4":5,"5":5,"6":2},"f":{"0":5},"b":{}}
,"C:\\Users\\Sandro\\Documents\\Cursos\\uDemy\\CashTracker\\Backend\\src\\utils\\token.ts": {"path":"C:\\Users\\Sandro\\Documents\\Cursos\\uDemy\\CashTracker\\Backend\\src\\utils\\token.ts","statementMap":{"0":{"start":{"line":1,"column":29},"end":{"line":1,"column":89}},"1":{"start":{"line":1,"column":35},"end":{"line":1,"column":89}},"2":{"start":{"line":1,"column":13},"end":{"line":1,"column":29}}},"fnMap":{"0":{"name":"(anonymous_0)","decl":{"start":{"line":1,"column":29},"end":{"line":1,"column":32}},"loc":{"start":{"line":1,"column":35},"end":{"line":1,"column":89}}}},"branchMap":{},"s":{"0":2,"1":0,"2":2},"f":{"0":0},"b":{}}
}
