{"C:\\Users\\Sandro\\Documents\\Cursos\\uDemy\\CashTracker\\Backend\\src\\config\\nodemailer.ts": {"path":"C:\\Users\\Sandro\\Documents\\Cursos\\uDemy\\CashTracker\\Backend\\src\\config\\nodemailer.ts","statementMap":{"0":{"start":{"line":1,"column":0},"end":{"line":1,"column":35}},"1":{"start":{"line":2,"column":0},"end":{"line":2,"column":27}},"2":{"start":{"line":3,"column":0},"end":{"line":3,"column":null}},"3":{"start":{"line":14,"column":15},"end":{"line":23,"column":1}},"4":{"start":{"line":15,"column":4},"end":{"line":22,"column":null}},"5":{"start":{"line":26,"column":13},"end":{"line":26,"column":62}}},"fnMap":{"0":{"name":"(anonymous_1)","decl":{"start":{"line":14,"column":15},"end":{"line":14,"column":35}},"loc":{"start":{"line":14,"column":37},"end":{"line":23,"column":1}}}},"branchMap":{},"s":{"0":1,"1":1,"2":1,"3":1,"4":1,"5":1},"f":{"0":1},"b":{}}
,"C:\\Users\\Sandro\\Documents\\Cursos\\uDemy\\CashTracker\\Backend\\src\\controllers\\AuthController.ts": {"path":"C:\\Users\\Sandro\\Documents\\Cursos\\uDemy\\CashTracker\\Backend\\src\\controllers\\AuthController.ts","statementMap":{"0":{"start":{"line":2,"column":0},"end":{"line":2,"column":33}},"1":{"start":{"line":3,"column":0},"end":{"line":3,"column":60}},"2":{"start":{"line":4,"column":0},"end":{"line":4,"column":47}},"3":{"start":{"line":5,"column":0},"end":{"line":5,"column":48}},"4":{"start":{"line":6,"column":0},"end":{"line":6,"column":43}},"5":{"start":{"line":9,"column":27},"end":{"line":38,"column":5}},"6":{"start":{"line":11,"column":36},"end":{"line":11,"column":44}},"7":{"start":{"line":14,"column":27},"end":{"line":14,"column":67}},"8":{"start":{"line":15,"column":8},"end":{"line":19,"column":9}},"9":{"start":{"line":16,"column":26},"end":{"line":16,"column":59}},"10":{"start":{"line":17,"column":12},"end":{"line":17,"column":null}},"11":{"start":{"line":18,"column":12},"end":{"line":18,"column":18}},"12":{"start":{"line":21,"column":8},"end":{"line":37,"column":9}},"13":{"start":{"line":22,"column":25},"end":{"line":22,"column":52}},"14":{"start":{"line":23,"column":12},"end":{"line":23,"column":57}},"15":{"start":{"line":24,"column":12},"end":{"line":24,"column":41}},"16":{"start":{"line":25,"column":12},"end":{"line":25,"column":null}},"17":{"start":{"line":27,"column":12},"end":{"line":31,"column":15}},"18":{"start":{"line":33,"column":12},"end":{"line":33,"column":null}},"19":{"start":{"line":36,"column":12},"end":{"line":36,"column":null}},"20":{"start":{"line":40,"column":28},"end":{"line":55,"column":5}},"21":{"start":{"line":41,"column":26},"end":{"line":41,"column":34}},"22":{"start":{"line":43,"column":21},"end":{"line":43,"column":68}},"23":{"start":{"line":44,"column":8},"end":{"line":48,"column":9}},"24":{"start":{"line":45,"column":26},"end":{"line":45,"column":54}},"25":{"start":{"line":46,"column":12},"end":{"line":46,"column":null}},"26":{"start":{"line":47,"column":12},"end":{"line":47,"column":18}},"27":{"start":{"line":50,"column":8},"end":{"line":50,"column":null}},"28":{"start":{"line":51,"column":8},"end":{"line":51,"column":null}},"29":{"start":{"line":52,"column":8},"end":{"line":52,"column":null}},"30":{"start":{"line":54,"column":8},"end":{"line":54,"column":52}},"31":{"start":{"line":57,"column":19},"end":{"line":84,"column":5}},"32":{"start":{"line":59,"column":36},"end":{"line":59,"column":44}},"33":{"start":{"line":61,"column":21},"end":{"line":61,"column":61}},"34":{"start":{"line":62,"column":8},"end":{"line":66,"column":9}},"35":{"start":{"line":63,"column":26},"end":{"line":63,"column":60}},"36":{"start":{"line":64,"column":12},"end":{"line":64,"column":null}},"37":{"start":{"line":65,"column":12},"end":{"line":65,"column":18}},"38":{"start":{"line":68,"column":8},"end":{"line":72,"column":9}},"39":{"start":{"line":69,"column":26},"end":{"line":69,"column":70}},"40":{"start":{"line":70,"column":12},"end":{"line":70,"column":null}},"41":{"start":{"line":71,"column":12},"end":{"line":71,"column":18}},"42":{"start":{"line":74,"column":34},"end":{"line":74,"column":78}},"43":{"start":{"line":75,"column":8},"end":{"line":79,"column":9}},"44":{"start":{"line":76,"column":26},"end":{"line":76,"column":58}},"45":{"start":{"line":77,"column":12},"end":{"line":77,"column":null}},"46":{"start":{"line":78,"column":12},"end":{"line":78,"column":18}},"47":{"start":{"line":81,"column":22},"end":{"line":81,"column":42}},"48":{"start":{"line":83,"column":8},"end":{"line":83,"column":null}},"49":{"start":{"line":86,"column":28},"end":{"line":106,"column":5}},"50":{"start":{"line":87,"column":26},"end":{"line":87,"column":34}},"51":{"start":{"line":89,"column":21},"end":{"line":89,"column":61}},"52":{"start":{"line":90,"column":8},"end":{"line":94,"column":9}},"53":{"start":{"line":91,"column":26},"end":{"line":91,"column":60}},"54":{"start":{"line":92,"column":12},"end":{"line":92,"column":null}},"55":{"start":{"line":93,"column":12},"end":{"line":93,"column":18}},"56":{"start":{"line":96,"column":8},"end":{"line":96,"column":null}},"57":{"start":{"line":97,"column":8},"end":{"line":97,"column":null}},"58":{"start":{"line":99,"column":8},"end":{"line":103,"column":null}},"59":{"start":{"line":105,"column":8},"end":{"line":105,"column":null}},"60":{"start":{"line":108,"column":27},"end":{"line":118,"column":5}},"61":{"start":{"line":109,"column":26},"end":{"line":109,"column":34}},"62":{"start":{"line":111,"column":28},"end":{"line":111,"column":75}},"63":{"start":{"line":112,"column":8},"end":{"line":116,"column":9}},"64":{"start":{"line":113,"column":26},"end":{"line":113,"column":54}},"65":{"start":{"line":114,"column":12},"end":{"line":114,"column":null}},"66":{"start":{"line":115,"column":12},"end":{"line":115,"column":18}},"67":{"start":{"line":117,"column":8},"end":{"line":117,"column":36}},"68":{"start":{"line":120,"column":36},"end":{"line":137,"column":5}},"69":{"start":{"line":121,"column":26},"end":{"line":121,"column":36}},"70":{"start":{"line":122,"column":29},"end":{"line":122,"column":37}},"71":{"start":{"line":124,"column":21},"end":{"line":124,"column":68}},"72":{"start":{"line":125,"column":8},"end":{"line":129,"column":9}},"73":{"start":{"line":126,"column":26},"end":{"line":126,"column":54}},"74":{"start":{"line":127,"column":12},"end":{"line":127,"column":null}},"75":{"start":{"line":128,"column":12},"end":{"line":128,"column":18}},"76":{"start":{"line":132,"column":8},"end":{"line":132,"column":null}},"77":{"start":{"line":133,"column":8},"end":{"line":133,"column":null}},"78":{"start":{"line":134,"column":8},"end":{"line":134,"column":null}},"79":{"start":{"line":136,"column":8},"end":{"line":136,"column":null}},"80":{"start":{"line":139,"column":18},"end":{"line":141,"column":5}},"81":{"start":{"line":140,"column":8},"end":{"line":140,"column":null}},"82":{"start":{"line":143,"column":39},"end":{"line":160,"column":5}},"83":{"start":{"line":144,"column":47},"end":{"line":144,"column":55}},"84":{"start":{"line":145,"column":23},"end":{"line":145,"column":31}},"85":{"start":{"line":147,"column":21},"end":{"line":147,"column":44}},"86":{"start":{"line":149,"column":34},"end":{"line":149,"column":86}},"87":{"start":{"line":150,"column":8},"end":{"line":154,"column":9}},"88":{"start":{"line":151,"column":26},"end":{"line":151,"column":71}},"89":{"start":{"line":152,"column":12},"end":{"line":152,"column":null}},"90":{"start":{"line":153,"column":12},"end":{"line":153,"column":18}},"91":{"start":{"line":156,"column":8},"end":{"line":156,"column":null}},"92":{"start":{"line":157,"column":8},"end":{"line":157,"column":null}},"93":{"start":{"line":159,"column":8},"end":{"line":159,"column":null}},"94":{"start":{"line":162,"column":27},"end":{"line":175,"column":5}},"95":{"start":{"line":163,"column":29},"end":{"line":163,"column":37}},"96":{"start":{"line":164,"column":23},"end":{"line":164,"column":31}},"97":{"start":{"line":166,"column":21},"end":{"line":166,"column":44}},"98":{"start":{"line":168,"column":34},"end":{"line":168,"column":78}},"99":{"start":{"line":169,"column":8},"end":{"line":173,"column":9}},"100":{"start":{"line":170,"column":26},"end":{"line":170,"column":71}},"101":{"start":{"line":171,"column":12},"end":{"line":171,"column":null}},"102":{"start":{"line":172,"column":12},"end":{"line":172,"column":18}},"103":{"start":{"line":174,"column":8},"end":{"line":174,"column":null}},"104":{"start":{"line":8,"column":0},"end":{"line":8,"column":13}}},"fnMap":{"0":{"name":"(anonymous_1)","decl":{"start":{"line":9,"column":27},"end":{"line":9,"column":32}},"loc":{"start":{"line":9,"column":65},"end":{"line":38,"column":5}}},"1":{"name":"(anonymous_2)","decl":{"start":{"line":40,"column":28},"end":{"line":40,"column":33}},"loc":{"start":{"line":40,"column":66},"end":{"line":55,"column":5}}},"2":{"name":"(anonymous_3)","decl":{"start":{"line":57,"column":19},"end":{"line":57,"column":24}},"loc":{"start":{"line":57,"column":57},"end":{"line":84,"column":5}}},"3":{"name":"(anonymous_4)","decl":{"start":{"line":86,"column":28},"end":{"line":86,"column":33}},"loc":{"start":{"line":86,"column":66},"end":{"line":106,"column":5}}},"4":{"name":"(anonymous_5)","decl":{"start":{"line":108,"column":27},"end":{"line":108,"column":32}},"loc":{"start":{"line":108,"column":65},"end":{"line":118,"column":5}}},"5":{"name":"(anonymous_6)","decl":{"start":{"line":120,"column":36},"end":{"line":120,"column":41}},"loc":{"start":{"line":120,"column":74},"end":{"line":137,"column":5}}},"6":{"name":"(anonymous_7)","decl":{"start":{"line":139,"column":18},"end":{"line":139,"column":23}},"loc":{"start":{"line":139,"column":56},"end":{"line":141,"column":5}}},"7":{"name":"(anonymous_8)","decl":{"start":{"line":143,"column":39},"end":{"line":143,"column":44}},"loc":{"start":{"line":143,"column":77},"end":{"line":160,"column":5}}},"8":{"name":"(anonymous_9)","decl":{"start":{"line":162,"column":27},"end":{"line":162,"column":32}},"loc":{"start":{"line":162,"column":65},"end":{"line":175,"column":5}}}},"branchMap":{"0":{"loc":{"start":{"line":15,"column":8},"end":{"line":19,"column":9}},"type":"if","locations":[{"start":{"line":15,"column":8},"end":{"line":19,"column":9}}]},"1":{"loc":{"start":{"line":44,"column":8},"end":{"line":48,"column":9}},"type":"if","locations":[{"start":{"line":44,"column":8},"end":{"line":48,"column":9}}]},"2":{"loc":{"start":{"line":62,"column":8},"end":{"line":66,"column":9}},"type":"if","locations":[{"start":{"line":62,"column":8},"end":{"line":66,"column":9}}]},"3":{"loc":{"start":{"line":68,"column":8},"end":{"line":72,"column":9}},"type":"if","locations":[{"start":{"line":68,"column":8},"end":{"line":72,"column":9}}]},"4":{"loc":{"start":{"line":75,"column":8},"end":{"line":79,"column":9}},"type":"if","locations":[{"start":{"line":75,"column":8},"end":{"line":79,"column":9}}]},"5":{"loc":{"start":{"line":90,"column":8},"end":{"line":94,"column":9}},"type":"if","locations":[{"start":{"line":90,"column":8},"end":{"line":94,"column":9}}]},"6":{"loc":{"start":{"line":112,"column":8},"end":{"line":116,"column":9}},"type":"if","locations":[{"start":{"line":112,"column":8},"end":{"line":116,"column":9}}]},"7":{"loc":{"start":{"line":125,"column":8},"end":{"line":129,"column":9}},"type":"if","locations":[{"start":{"line":125,"column":8},"end":{"line":129,"column":9}}]},"8":{"loc":{"start":{"line":150,"column":8},"end":{"line":154,"column":9}},"type":"if","locations":[{"start":{"line":150,"column":8},"end":{"line":154,"column":9}}]},"9":{"loc":{"start":{"line":169,"column":8},"end":{"line":173,"column":9}},"type":"if","locations":[{"start":{"line":169,"column":8},"end":{"line":173,"column":9}}]}},"s":{"0":1,"1":1,"2":1,"3":1,"4":1,"5":1,"6":2,"7":2,"8":2,"9":1,"10":1,"11":1,"12":1,"13":1,"14":1,"15":1,"16":1,"17":1,"18":1,"19":0,"20":1,"21":0,"22":0,"23":0,"24":0,"25":0,"26":0,"27":0,"28":0,"29":0,"30":0,"31":1,"32":4,"33":4,"34":4,"35":1,"36":1,"37":1,"38":3,"39":1,"40":1,"41":1,"42":2,"43":2,"44":1,"45":1,"46":1,"47":1,"48":1,"49":1,"50":0,"51":0,"52":0,"53":0,"54":0,"55":0,"56":0,"57":0,"58":0,"59":0,"60":1,"61":0,"62":0,"63":0,"64":0,"65":0,"66":0,"67":0,"68":1,"69":0,"70":0,"71":0,"72":0,"73":0,"74":0,"75":0,"76":0,"77":0,"78":0,"79":0,"80":1,"81":0,"82":1,"83":0,"84":0,"85":0,"86":0,"87":0,"88":0,"89":0,"90":0,"91":0,"92":0,"93":0,"94":1,"95":0,"96":0,"97":0,"98":0,"99":0,"100":0,"101":0,"102":0,"103":0,"104":1},"f":{"0":2,"1":0,"2":4,"3":0,"4":0,"5":0,"6":0,"7":0,"8":0},"b":{"0":[1],"1":[0],"2":[1],"3":[1],"4":[1],"5":[0],"6":[0],"7":[0],"8":[0],"9":[0]}}
,"C:\\Users\\Sandro\\Documents\\Cursos\\uDemy\\CashTracker\\Backend\\src\\controllers\\BudgetController.ts": {"path":"C:\\Users\\Sandro\\Documents\\Cursos\\uDemy\\CashTracker\\Backend\\src\\controllers\\BudgetController.ts","statementMap":{"0":{"start":{"line":2,"column":0},"end":{"line":2,"column":38}},"1":{"start":{"line":3,"column":0},"end":{"line":3,"column":40}},"2":{"start":{"line":6,"column":20},"end":{"line":23,"column":5}},"3":{"start":{"line":7,"column":8},"end":{"line":21,"column":9}},"4":{"start":{"line":8,"column":28},"end":{"line":16,"column":14}},"5":{"start":{"line":17,"column":12},"end":{"line":17,"column":30}},"6":{"start":{"line":18,"column":12},"end":{"line":18,"column":28}},"7":{"start":{"line":20,"column":12},"end":{"line":20,"column":61}},"8":{"start":{"line":25,"column":20},"end":{"line":34,"column":5}},"9":{"start":{"line":26,"column":8},"end":{"line":33,"column":9}},"10":{"start":{"line":27,"column":27},"end":{"line":27,"column":56}},"11":{"start":{"line":28,"column":12},"end":{"line":28,"column":null}},"12":{"start":{"line":29,"column":12},"end":{"line":29,"column":32}},"13":{"start":{"line":30,"column":12},"end":{"line":30,"column":69}},"14":{"start":{"line":32,"column":12},"end":{"line":32,"column":61}},"15":{"start":{"line":36,"column":21},"end":{"line":43,"column":5}},"16":{"start":{"line":37,"column":23},"end":{"line":39,"column":10}},"17":{"start":{"line":42,"column":8},"end":{"line":42,"column":25}},"18":{"start":{"line":45,"column":24},"end":{"line":48,"column":5}},"19":{"start":{"line":46,"column":8},"end":{"line":46,"column":42}},"20":{"start":{"line":47,"column":8},"end":{"line":47,"column":70}},"21":{"start":{"line":50,"column":24},"end":{"line":53,"column":5}},"22":{"start":{"line":51,"column":8},"end":{"line":51,"column":35}},"23":{"start":{"line":52,"column":8},"end":{"line":52,"column":68}},"24":{"start":{"line":5,"column":0},"end":{"line":5,"column":13}}},"fnMap":{"0":{"name":"(anonymous_1)","decl":{"start":{"line":6,"column":20},"end":{"line":6,"column":25}},"loc":{"start":{"line":6,"column":58},"end":{"line":23,"column":5}}},"1":{"name":"(anonymous_2)","decl":{"start":{"line":25,"column":20},"end":{"line":25,"column":25}},"loc":{"start":{"line":25,"column":58},"end":{"line":34,"column":5}}},"2":{"name":"(anonymous_3)","decl":{"start":{"line":36,"column":21},"end":{"line":36,"column":26}},"loc":{"start":{"line":36,"column":59},"end":{"line":43,"column":5}}},"3":{"name":"(anonymous_4)","decl":{"start":{"line":45,"column":24},"end":{"line":45,"column":29}},"loc":{"start":{"line":45,"column":62},"end":{"line":48,"column":5}}},"4":{"name":"(anonymous_5)","decl":{"start":{"line":50,"column":24},"end":{"line":50,"column":29}},"loc":{"start":{"line":50,"column":62},"end":{"line":53,"column":5}}}},"branchMap":{},"s":{"0":1,"1":1,"2":1,"3":4,"4":4,"5":3,"6":3,"7":1,"8":1,"9":2,"10":2,"11":1,"12":1,"13":1,"14":1,"15":1,"16":3,"17":3,"18":1,"19":1,"20":1,"21":1,"22":1,"23":1,"24":1},"f":{"0":4,"1":2,"2":3,"3":1,"4":1},"b":{}}
,"C:\\Users\\Sandro\\Documents\\Cursos\\uDemy\\CashTracker\\Backend\\src\\controllers\\ExpenseController.ts": {"path":"C:\\Users\\Sandro\\Documents\\Cursos\\uDemy\\CashTracker\\Backend\\src\\controllers\\ExpenseController.ts","statementMap":{"0":{"start":{"line":2,"column":0},"end":{"line":2,"column":39}},"1":{"start":{"line":6,"column":20},"end":{"line":16,"column":5}},"2":{"start":{"line":7,"column":8},"end":{"line":15,"column":9}},"3":{"start":{"line":8,"column":28},"end":{"line":8,"column":58}},"4":{"start":{"line":10,"column":12},"end":{"line":10,"column":null}},"5":{"start":{"line":11,"column":12},"end":{"line":11,"column":null}},"6":{"start":{"line":12,"column":12},"end":{"line":12,"column":null}},"7":{"start":{"line":14,"column":12},"end":{"line":14,"column":null}},"8":{"start":{"line":18,"column":21},"end":{"line":20,"column":5}},"9":{"start":{"line":19,"column":8},"end":{"line":19,"column":null}},"10":{"start":{"line":22,"column":24},"end":{"line":25,"column":5}},"11":{"start":{"line":23,"column":8},"end":{"line":23,"column":null}},"12":{"start":{"line":24,"column":8},"end":{"line":24,"column":null}},"13":{"start":{"line":27,"column":24},"end":{"line":30,"column":5}},"14":{"start":{"line":28,"column":8},"end":{"line":28,"column":null}},"15":{"start":{"line":29,"column":8},"end":{"line":29,"column":null}},"16":{"start":{"line":4,"column":0},"end":{"line":4,"column":13}}},"fnMap":{"0":{"name":"(anonymous_1)","decl":{"start":{"line":6,"column":20},"end":{"line":6,"column":25}},"loc":{"start":{"line":6,"column":58},"end":{"line":16,"column":5}}},"1":{"name":"(anonymous_2)","decl":{"start":{"line":18,"column":21},"end":{"line":18,"column":26}},"loc":{"start":{"line":18,"column":59},"end":{"line":20,"column":5}}},"2":{"name":"(anonymous_3)","decl":{"start":{"line":22,"column":24},"end":{"line":22,"column":29}},"loc":{"start":{"line":22,"column":62},"end":{"line":25,"column":5}}},"3":{"name":"(anonymous_4)","decl":{"start":{"line":27,"column":24},"end":{"line":27,"column":29}},"loc":{"start":{"line":27,"column":62},"end":{"line":30,"column":5}}}},"branchMap":{},"s":{"0":1,"1":1,"2":2,"3":2,"4":1,"5":1,"6":1,"7":1,"8":1,"9":1,"10":1,"11":1,"12":1,"13":1,"14":1,"15":1,"16":1},"f":{"0":2,"1":1,"2":1,"3":1},"b":{}}
,"C:\\Users\\Sandro\\Documents\\Cursos\\uDemy\\CashTracker\\Backend\\src\\emails\\AuthEmail.ts": {"path":"C:\\Users\\Sandro\\Documents\\Cursos\\uDemy\\CashTracker\\Backend\\src\\emails\\AuthEmail.ts","statementMap":{"0":{"start":{"line":1,"column":0},"end":{"line":1,"column":48}},"1":{"start":{"line":10,"column":35},"end":{"line":24,"column":5}},"2":{"start":{"line":11,"column":22},"end":{"line":21,"column":10}},"3":{"start":{"line":23,"column":8},"end":{"line":23,"column":57}},"4":{"start":{"line":26,"column":36},"end":{"line":40,"column":5}},"5":{"start":{"line":27,"column":22},"end":{"line":37,"column":10}},"6":{"start":{"line":39,"column":8},"end":{"line":39,"column":57}},"7":{"start":{"line":9,"column":0},"end":{"line":9,"column":13}}},"fnMap":{"0":{"name":"(anonymous_0)","decl":{"start":{"line":10,"column":35},"end":{"line":10,"column":40}},"loc":{"start":{"line":10,"column":61},"end":{"line":24,"column":5}}},"1":{"name":"(anonymous_1)","decl":{"start":{"line":26,"column":36},"end":{"line":26,"column":41}},"loc":{"start":{"line":26,"column":62},"end":{"line":40,"column":5}}}},"branchMap":{},"s":{"0":1,"1":1,"2":0,"3":0,"4":1,"5":0,"6":0,"7":1},"f":{"0":0,"1":0},"b":{}}
,"C:\\Users\\Sandro\\Documents\\Cursos\\uDemy\\CashTracker\\Backend\\src\\middleware\\budget.ts": {"path":"C:\\Users\\Sandro\\Documents\\Cursos\\uDemy\\CashTracker\\Backend\\src\\middleware\\budget.ts","statementMap":{"0":{"start":{"line":54,"column":0},"end":{"line":54,"column":16}},"1":{"start":{"line":2,"column":0},"end":{"line":2,"column":66}},"2":{"start":{"line":3,"column":0},"end":{"line":3,"column":38}},"3":{"start":{"line":13,"column":32},"end":{"line":24,"column":1}},"4":{"start":{"line":14,"column":4},"end":{"line":16,"column":18}},"5":{"start":{"line":15,"column":25},"end":{"line":15,"column":34}},"6":{"start":{"line":18,"column":17},"end":{"line":18,"column":38}},"7":{"start":{"line":19,"column":4},"end":{"line":22,"column":5}},"8":{"start":{"line":20,"column":8},"end":{"line":20,"column":null}},"9":{"start":{"line":21,"column":8},"end":{"line":21,"column":14}},"10":{"start":{"line":23,"column":4},"end":{"line":23,"column":11}},"11":{"start":{"line":13,"column":13},"end":{"line":13,"column":32}},"12":{"start":{"line":26,"column":36},"end":{"line":40,"column":1}},"13":{"start":{"line":27,"column":4},"end":{"line":39,"column":5}},"14":{"start":{"line":28,"column":29},"end":{"line":28,"column":39}},"15":{"start":{"line":29,"column":23},"end":{"line":29,"column":54}},"16":{"start":{"line":30,"column":8},"end":{"line":34,"column":9}},"17":{"start":{"line":31,"column":26},"end":{"line":31,"column":64}},"18":{"start":{"line":32,"column":12},"end":{"line":32,"column":59}},"19":{"start":{"line":33,"column":12},"end":{"line":33,"column":18}},"20":{"start":{"line":35,"column":8},"end":{"line":35,"column":28}},"21":{"start":{"line":36,"column":8},"end":{"line":36,"column":15}},"22":{"start":{"line":38,"column":8},"end":{"line":38,"column":57}},"23":{"start":{"line":26,"column":13},"end":{"line":26,"column":36}},"24":{"start":{"line":42,"column":35},"end":{"line":52,"column":1}},"25":{"start":{"line":43,"column":4},"end":{"line":44,"column":null}},"26":{"start":{"line":46,"column":4},"end":{"line":49,"column":null}},"27":{"start":{"line":49,"column":25},"end":{"line":49,"column":34}},"28":{"start":{"line":51,"column":4},"end":{"line":51,"column":11}},"29":{"start":{"line":42,"column":13},"end":{"line":42,"column":35}},"30":{"start":{"line":55,"column":4},"end":{"line":59,"column":5}},"31":{"start":{"line":56,"column":22},"end":{"line":56,"column":51}},"32":{"start":{"line":57,"column":8},"end":{"line":57,"column":null}},"33":{"start":{"line":58,"column":8},"end":{"line":58,"column":14}},"34":{"start":{"line":61,"column":4},"end":{"line":61,"column":null}}},"fnMap":{"0":{"name":"(anonymous_1)","decl":{"start":{"line":13,"column":32},"end":{"line":13,"column":37}},"loc":{"start":{"line":13,"column":90},"end":{"line":24,"column":1}}},"1":{"name":"(anonymous_2)","decl":{"start":{"line":15,"column":16},"end":{"line":15,"column":21}},"loc":{"start":{"line":15,"column":25},"end":{"line":15,"column":34}}},"2":{"name":"(anonymous_3)","decl":{"start":{"line":26,"column":36},"end":{"line":26,"column":41}},"loc":{"start":{"line":26,"column":94},"end":{"line":40,"column":1}}},"3":{"name":"(anonymous_4)","decl":{"start":{"line":42,"column":35},"end":{"line":42,"column":40}},"loc":{"start":{"line":42,"column":93},"end":{"line":52,"column":1}}},"4":{"name":"(anonymous_5)","decl":{"start":{"line":49,"column":16},"end":{"line":49,"column":21}},"loc":{"start":{"line":49,"column":25},"end":{"line":49,"column":34}}},"5":{"name":"hasAccess","decl":{"start":{"line":54,"column":16},"end":{"line":54,"column":25}},"loc":{"start":{"line":54,"column":73},"end":{"line":62,"column":1}}}},"branchMap":{"0":{"loc":{"start":{"line":19,"column":4},"end":{"line":22,"column":5}},"type":"if","locations":[{"start":{"line":19,"column":4},"end":{"line":22,"column":5}}]},"1":{"loc":{"start":{"line":30,"column":8},"end":{"line":34,"column":9}},"type":"if","locations":[{"start":{"line":30,"column":8},"end":{"line":34,"column":9}}]},"2":{"loc":{"start":{"line":55,"column":4},"end":{"line":59,"column":5}},"type":"if","locations":[{"start":{"line":55,"column":4},"end":{"line":59,"column":5}}]}},"s":{"0":2,"1":2,"2":2,"3":2,"4":0,"5":0,"6":0,"7":0,"8":0,"9":0,"10":0,"11":2,"12":2,"13":3,"14":3,"15":3,"16":2,"17":1,"18":1,"19":1,"20":1,"21":1,"22":1,"23":2,"24":2,"25":0,"26":0,"27":0,"28":0,"29":2,"30":3,"31":2,"32":2,"33":2,"34":1},"f":{"0":0,"1":0,"2":3,"3":0,"4":0,"5":3},"b":{"0":[0],"1":[1],"2":[2]}}
,"C:\\Users\\Sandro\\Documents\\Cursos\\uDemy\\CashTracker\\Backend\\src\\middleware\\expense.ts": {"path":"C:\\Users\\Sandro\\Documents\\Cursos\\uDemy\\CashTracker\\Backend\\src\\middleware\\expense.ts","statementMap":{"0":{"start":{"line":2,"column":0},"end":{"line":2,"column":66}},"1":{"start":{"line":3,"column":0},"end":{"line":3,"column":40}},"2":{"start":{"line":13,"column":36},"end":{"line":23,"column":1}},"3":{"start":{"line":14,"column":4},"end":{"line":15,"column":null}},"4":{"start":{"line":17,"column":4},"end":{"line":20,"column":null}},"5":{"start":{"line":20,"column":25},"end":{"line":20,"column":34}},"6":{"start":{"line":22,"column":4},"end":{"line":22,"column":null}},"7":{"start":{"line":13,"column":13},"end":{"line":13,"column":36}},"8":{"start":{"line":25,"column":33},"end":{"line":36,"column":1}},"9":{"start":{"line":26,"column":4},"end":{"line":28,"column":null}},"10":{"start":{"line":26,"column":53},"end":{"line":26,"column":62}},"11":{"start":{"line":30,"column":17},"end":{"line":30,"column":38}},"12":{"start":{"line":31,"column":4},"end":{"line":34,"column":5}},"13":{"start":{"line":32,"column":8},"end":{"line":32,"column":null}},"14":{"start":{"line":33,"column":8},"end":{"line":33,"column":14}},"15":{"start":{"line":35,"column":4},"end":{"line":35,"column":null}},"16":{"start":{"line":25,"column":13},"end":{"line":25,"column":33}},"17":{"start":{"line":38,"column":37},"end":{"line":52,"column":1}},"18":{"start":{"line":39,"column":4},"end":{"line":51,"column":5}},"19":{"start":{"line":40,"column":30},"end":{"line":40,"column":40}},"20":{"start":{"line":41,"column":24},"end":{"line":41,"column":57}},"21":{"start":{"line":42,"column":8},"end":{"line":46,"column":9}},"22":{"start":{"line":43,"column":26},"end":{"line":43,"column":58}},"23":{"start":{"line":44,"column":12},"end":{"line":44,"column":59}},"24":{"start":{"line":45,"column":12},"end":{"line":45,"column":18}},"25":{"start":{"line":47,"column":8},"end":{"line":47,"column":30}},"26":{"start":{"line":48,"column":8},"end":{"line":48,"column":15}},"27":{"start":{"line":50,"column":8},"end":{"line":50,"column":57}},"28":{"start":{"line":38,"column":13},"end":{"line":38,"column":37}}},"fnMap":{"0":{"name":"(anonymous_1)","decl":{"start":{"line":13,"column":36},"end":{"line":13,"column":41}},"loc":{"start":{"line":13,"column":94},"end":{"line":23,"column":1}}},"1":{"name":"(anonymous_2)","decl":{"start":{"line":20,"column":16},"end":{"line":20,"column":21}},"loc":{"start":{"line":20,"column":25},"end":{"line":20,"column":34}}},"2":{"name":"(anonymous_3)","decl":{"start":{"line":25,"column":33},"end":{"line":25,"column":38}},"loc":{"start":{"line":25,"column":91},"end":{"line":36,"column":1}}},"3":{"name":"(anonymous_4)","decl":{"start":{"line":26,"column":44},"end":{"line":26,"column":49}},"loc":{"start":{"line":26,"column":53},"end":{"line":26,"column":62}}},"4":{"name":"(anonymous_5)","decl":{"start":{"line":38,"column":37},"end":{"line":38,"column":42}},"loc":{"start":{"line":38,"column":95},"end":{"line":52,"column":1}}}},"branchMap":{"0":{"loc":{"start":{"line":31,"column":4},"end":{"line":34,"column":5}},"type":"if","locations":[{"start":{"line":31,"column":4},"end":{"line":34,"column":5}}]},"1":{"loc":{"start":{"line":42,"column":8},"end":{"line":46,"column":9}},"type":"if","locations":[{"start":{"line":42,"column":8},"end":{"line":46,"column":9}}]}},"s":{"0":1,"1":1,"2":1,"3":0,"4":0,"5":0,"6":0,"7":1,"8":1,"9":0,"10":0,"11":0,"12":0,"13":0,"14":0,"15":0,"16":1,"17":1,"18":3,"19":3,"20":3,"21":2,"22":1,"23":1,"24":1,"25":1,"26":1,"27":1,"28":1},"f":{"0":0,"1":0,"2":0,"3":0,"4":3},"b":{"0":[0],"1":[1]}}
,"C:\\Users\\Sandro\\Documents\\Cursos\\uDemy\\CashTracker\\Backend\\src\\models\\Budget.ts": {"path":"C:\\Users\\Sandro\\Documents\\Cursos\\uDemy\\CashTracker\\Backend\\src\\models\\Budget.ts","statementMap":{"0":{"start":{"line":1,"column":0},"end":{"line":1,"column":112}},"1":{"start":{"line":2,"column":0},"end":{"line":2,"column":31}},"2":{"start":{"line":3,"column":0},"end":{"line":3,"column":25}},"3":{"start":{"line":11,"column":0},"end":{"line":35,"column":null}},"4":{"start":{"line":16,"column":12},"end":{"line":16,"column":null}},"5":{"start":{"line":22,"column":12},"end":{"line":22,"column":null}},"6":{"start":{"line":28,"column":12},"end":{"line":28,"column":null}},"7":{"start":{"line":24,"column":19},"end":{"line":24,"column":26}},"8":{"start":{"line":31,"column":12},"end":{"line":31,"column":null}},"9":{"start":{"line":30,"column":22},"end":{"line":30,"column":26}},"10":{"start":{"line":34,"column":12},"end":{"line":34,"column":null}},"11":{"start":{"line":33,"column":21},"end":{"line":33,"column":25}},"12":{"start":{"line":11,"column":6},"end":{"line":35,"column":null}},"13":{"start":{"line":37,"column":0},"end":{"line":37,"column":null}}},"fnMap":{"0":{"name":"(anonymous_3)","decl":{"start":{"line":24,"column":13},"end":{"line":24,"column":16}},"loc":{"start":{"line":24,"column":19},"end":{"line":24,"column":26}}},"1":{"name":"(anonymous_4)","decl":{"start":{"line":30,"column":16},"end":{"line":30,"column":19}},"loc":{"start":{"line":30,"column":22},"end":{"line":30,"column":26}}},"2":{"name":"(anonymous_5)","decl":{"start":{"line":33,"column":15},"end":{"line":33,"column":18}},"loc":{"start":{"line":33,"column":21},"end":{"line":33,"column":25}}}},"branchMap":{},"s":{"0":2,"1":2,"2":2,"3":2,"4":2,"5":2,"6":2,"7":0,"8":2,"9":0,"10":2,"11":0,"12":2,"13":2},"f":{"0":0,"1":0,"2":0},"b":{}}
,"C:\\Users\\Sandro\\Documents\\Cursos\\uDemy\\CashTracker\\Backend\\src\\models\\Expense.ts": {"path":"C:\\Users\\Sandro\\Documents\\Cursos\\uDemy\\CashTracker\\Backend\\src\\models\\Expense.ts","statementMap":{"0":{"start":{"line":1,"column":0},"end":{"line":1,"column":103}},"1":{"start":{"line":2,"column":0},"end":{"line":2,"column":29}},"2":{"start":{"line":8,"column":0},"end":{"line":28,"column":null}},"3":{"start":{"line":14,"column":12},"end":{"line":14,"column":null}},"4":{"start":{"line":20,"column":12},"end":{"line":20,"column":null}},"5":{"start":{"line":23,"column":12},"end":{"line":23,"column":null}},"6":{"start":{"line":22,"column":22},"end":{"line":22,"column":28}},"7":{"start":{"line":27,"column":12},"end":{"line":27,"column":null}},"8":{"start":{"line":26,"column":21},"end":{"line":26,"column":27}},"9":{"start":{"line":8,"column":6},"end":{"line":28,"column":null}},"10":{"start":{"line":29,"column":0},"end":{"line":29,"column":null}}},"fnMap":{"0":{"name":"(anonymous_3)","decl":{"start":{"line":22,"column":16},"end":{"line":22,"column":19}},"loc":{"start":{"line":22,"column":22},"end":{"line":22,"column":28}}},"1":{"name":"(anonymous_4)","decl":{"start":{"line":26,"column":15},"end":{"line":26,"column":18}},"loc":{"start":{"line":26,"column":21},"end":{"line":26,"column":27}}}},"branchMap":{},"s":{"0":2,"1":2,"2":2,"3":2,"4":2,"5":2,"6":0,"7":2,"8":0,"9":2,"10":2},"f":{"0":0,"1":0},"b":{}}
,"C:\\Users\\Sandro\\Documents\\Cursos\\uDemy\\CashTracker\\Backend\\src\\models\\User.ts": {"path":"C:\\Users\\Sandro\\Documents\\Cursos\\uDemy\\CashTracker\\Backend\\src\\models\\User.ts","statementMap":{"0":{"start":{"line":1,"column":0},"end":{"line":1,"column":106}},"1":{"start":{"line":2,"column":0},"end":{"line":2,"column":29}},"2":{"start":{"line":8,"column":0},"end":{"line":44,"column":null}},"3":{"start":{"line":13,"column":12},"end":{"line":13,"column":null}},"4":{"start":{"line":19,"column":12},"end":{"line":19,"column":null}},"5":{"start":{"line":26,"column":12},"end":{"line":26,"column":null}},"6":{"start":{"line":31,"column":12},"end":{"line":31,"column":null}},"7":{"start":{"line":37,"column":12},"end":{"line":37,"column":null}},"8":{"start":{"line":43,"column":12},"end":{"line":43,"column":null}},"9":{"start":{"line":39,"column":19},"end":{"line":39,"column":25}},"10":{"start":{"line":8,"column":6},"end":{"line":44,"column":null}},"11":{"start":{"line":45,"column":0},"end":{"line":45,"column":null}}},"fnMap":{"0":{"name":"(anonymous_3)","decl":{"start":{"line":39,"column":13},"end":{"line":39,"column":16}},"loc":{"start":{"line":39,"column":19},"end":{"line":39,"column":25}}}},"branchMap":{},"s":{"0":2,"1":2,"2":2,"3":2,"4":2,"5":2,"6":2,"7":2,"8":2,"9":0,"10":2,"11":2},"f":{"0":0},"b":{}}
,"C:\\Users\\Sandro\\Documents\\Cursos\\uDemy\\CashTracker\\Backend\\src\\tests\\mocks\\budgets.ts": {"path":"C:\\Users\\Sandro\\Documents\\Cursos\\uDemy\\CashTracker\\Backend\\src\\tests\\mocks\\budgets.ts","statementMap":{"0":{"start":{"line":1,"column":13},"end":{"line":71,"column":2}}},"fnMap":{},"branchMap":{},"s":{"0":3},"f":{},"b":{}}
,"C:\\Users\\Sandro\\Documents\\Cursos\\uDemy\\CashTracker\\Backend\\src\\tests\\mocks\\expenses.ts": {"path":"C:\\Users\\Sandro\\Documents\\Cursos\\uDemy\\CashTracker\\Backend\\src\\tests\\mocks\\expenses.ts","statementMap":{"0":{"start":{"line":1,"column":13},"end":{"line":26,"column":null}}},"fnMap":{},"branchMap":{},"s":{"0":2},"f":{},"b":{}}
,"C:\\Users\\Sandro\\Documents\\Cursos\\uDemy\\CashTracker\\Backend\\src\\utils\\auth.ts": {"path":"C:\\Users\\Sandro\\Documents\\Cursos\\uDemy\\CashTracker\\Backend\\src\\utils\\auth.ts","statementMap":{"0":{"start":{"line":1,"column":0},"end":{"line":1,"column":27}},"1":{"start":{"line":3,"column":28},"end":{"line":6,"column":1}},"2":{"start":{"line":4,"column":17},"end":{"line":4,"column":41}},"3":{"start":{"line":5,"column":4},"end":{"line":5,"column":null}},"4":{"start":{"line":3,"column":13},"end":{"line":3,"column":28}},"5":{"start":{"line":8,"column":29},"end":{"line":10,"column":1}},"6":{"start":{"line":9,"column":4},"end":{"line":9,"column":null}},"7":{"start":{"line":8,"column":13},"end":{"line":8,"column":29}}},"fnMap":{"0":{"name":"(anonymous_1)","decl":{"start":{"line":3,"column":28},"end":{"line":3,"column":33}},"loc":{"start":{"line":3,"column":55},"end":{"line":6,"column":1}}},"1":{"name":"(anonymous_2)","decl":{"start":{"line":8,"column":29},"end":{"line":8,"column":34}},"loc":{"start":{"line":8,"column":70},"end":{"line":10,"column":1}}}},"branchMap":{},"s":{"0":1,"1":1,"2":0,"3":0,"4":1,"5":1,"6":0,"7":1},"f":{"0":0,"1":0},"b":{}}
,"C:\\Users\\Sandro\\Documents\\Cursos\\uDemy\\CashTracker\\Backend\\src\\utils\\jwt.ts": {"path":"C:\\Users\\Sandro\\Documents\\Cursos\\uDemy\\CashTracker\\Backend\\src\\utils\\jwt.ts","statementMap":{"0":{"start":{"line":1,"column":0},"end":{"line":1,"column":30}},"1":{"start":{"line":2,"column":0},"end":{"line":2,"column":27}},"2":{"start":{"line":3,"column":0},"end":{"line":3,"column":null}},"3":{"start":{"line":5,"column":27},"end":{"line":10,"column":1}},"4":{"start":{"line":6,"column":18},"end":{"line":8,"column":6}},"5":{"start":{"line":9,"column":4},"end":{"line":9,"column":null}},"6":{"start":{"line":5,"column":13},"end":{"line":5,"column":27}}},"fnMap":{"0":{"name":"(anonymous_1)","decl":{"start":{"line":5,"column":27},"end":{"line":5,"column":28}},"loc":{"start":{"line":5,"column":42},"end":{"line":10,"column":1}}}},"branchMap":{},"s":{"0":1,"1":1,"2":1,"3":1,"4":0,"5":0,"6":1},"f":{"0":0},"b":{}}
,"C:\\Users\\Sandro\\Documents\\Cursos\\uDemy\\CashTracker\\Backend\\src\\utils\\token.ts": {"path":"C:\\Users\\Sandro\\Documents\\Cursos\\uDemy\\CashTracker\\Backend\\src\\utils\\token.ts","statementMap":{"0":{"start":{"line":1,"column":29},"end":{"line":1,"column":89}},"1":{"start":{"line":1,"column":35},"end":{"line":1,"column":89}},"2":{"start":{"line":1,"column":13},"end":{"line":1,"column":29}}},"fnMap":{"0":{"name":"(anonymous_0)","decl":{"start":{"line":1,"column":29},"end":{"line":1,"column":32}},"loc":{"start":{"line":1,"column":35},"end":{"line":1,"column":89}}}},"branchMap":{},"s":{"0":1,"1":0,"2":1},"f":{"0":0},"b":{}}
}
