TN:
SF:src\server.ts
FN:8,connectDB
FNF:1
FNH:1
FNDA:1,connectDB
DA:1,1
DA:2,1
DA:3,1
DA:4,1
DA:5,1
DA:6,1
DA:8,1
DA:9,1
DA:10,1
DA:11,1
DA:12,1
DA:14,0
DA:18,1
DA:20,1
DA:22,1
DA:24,1
DA:26,1
DA:27,1
DA:29,1
LF:19
LH:18
BRF:0
BRH:0
end_of_record
TN:
SF:src\config\db.ts
FNF:0
FNH:0
DA:1,1
DA:2,1
DA:3,1
DA:5,1
LF:4
LH:4
BRF:0
BRH:0
end_of_record
TN:
SF:src\config\limiter.ts
FNF:0
FNH:0
DA:1,1
DA:3,1
LF:2
LH:2
BRDA:5,0,0,0
BRDA:5,0,1,1
BRF:2
BRH:1
end_of_record
TN:
SF:src\config\nodemailer.ts
FN:14,(anonymous_1)
FNF:1
FNH:1
FNDA:2,(anonymous_1)
DA:1,2
DA:2,2
DA:3,2
DA:14,2
DA:15,2
DA:26,2
LF:6
LH:6
BRF:0
BRH:0
end_of_record
TN:
SF:src\controllers\AuthController.ts
FN:9,(anonymous_1)
FN:46,(anonymous_2)
FN:63,(anonymous_3)
FN:92,(anonymous_4)
FN:114,(anonymous_5)
FN:126,(anonymous_6)
FN:145,(anonymous_7)
FN:149,(anonymous_8)
FN:168,(anonymous_9)
FNF:9
FNH:3
FNDA:4,(anonymous_1)
FNDA:1,(anonymous_2)
FNDA:13,(anonymous_3)
FNDA:0,(anonymous_4)
FNDA:0,(anonymous_5)
FNDA:0,(anonymous_6)
FNDA:0,(anonymous_7)
FNDA:0,(anonymous_8)
FNDA:0,(anonymous_9)
DA:2,2
DA:3,2
DA:4,2
DA:5,2
DA:6,2
DA:8,2
DA:9,2
DA:11,4
DA:14,4
DA:15,4
DA:16,3
DA:17,3
DA:18,3
DA:21,1
DA:22,1
DA:23,1
DA:24,1
DA:25,1
DA:27,1
DA:28,1
DA:31,1
DA:33,1
DA:39,1
DA:42,0
DA:46,2
DA:47,1
DA:49,1
DA:50,1
DA:51,1
DA:52,1
DA:53,1
DA:56,0
DA:57,0
DA:58,0
DA:60,0
DA:63,2
DA:65,13
DA:67,13
DA:68,13
DA:69,2
DA:70,2
DA:71,2
DA:74,11
DA:75,2
DA:76,2
DA:77,2
DA:80,9
DA:81,9
DA:82,2
DA:83,2
DA:84,2
DA:87,7
DA:89,7
DA:92,2
DA:93,0
DA:95,0
DA:96,0
DA:97,0
DA:98,0
DA:99,0
DA:102,0
DA:103,0
DA:105,0
DA:111,0
DA:114,2
DA:115,0
DA:117,0
DA:118,0
DA:119,0
DA:120,0
DA:121,0
DA:123,0
DA:126,2
DA:127,0
DA:128,0
DA:130,0
DA:131,0
DA:132,0
DA:133,0
DA:134,0
DA:138,0
DA:139,0
DA:140,0
DA:142,0
DA:145,2
DA:146,0
DA:149,2
DA:150,0
DA:151,0
DA:153,0
DA:155,0
DA:156,0
DA:157,0
DA:158,0
DA:159,0
DA:162,0
DA:163,0
DA:165,0
DA:168,2
DA:169,0
DA:170,0
DA:172,0
DA:174,0
DA:175,0
DA:176,0
DA:177,0
DA:178,0
DA:180,0
LF:108
LH:54
BRDA:15,0,0,3
BRDA:27,1,0,1
BRDA:50,2,0,1
BRDA:68,3,0,2
BRDA:74,4,0,2
BRDA:81,5,0,2
BRDA:96,6,0,0
BRDA:118,7,0,0
BRDA:131,8,0,0
BRDA:156,9,0,0
BRDA:175,10,0,0
BRF:11
BRH:6
end_of_record
TN:
SF:src\controllers\BudgetController.ts
FN:6,(anonymous_1)
FN:25,(anonymous_2)
FN:36,(anonymous_3)
FN:45,(anonymous_4)
FN:50,(anonymous_5)
FNF:5
FNH:5
FNDA:5,(anonymous_1)
FNDA:3,(anonymous_2)
FNDA:3,(anonymous_3)
FNDA:1,(anonymous_4)
FNDA:1,(anonymous_5)
DA:2,2
DA:3,2
DA:5,2
DA:6,2
DA:7,5
DA:8,5
DA:17,4
DA:18,4
DA:20,1
DA:25,2
DA:26,3
DA:27,3
DA:28,2
DA:29,2
DA:30,2
DA:32,1
DA:36,2
DA:37,3
DA:42,3
DA:45,2
DA:46,1
DA:47,1
DA:50,2
DA:51,1
DA:52,1
LF:25
LH:25
BRF:0
BRH:0
end_of_record
TN:
SF:src\controllers\ExpenseController.ts
FN:6,(anonymous_1)
FN:18,(anonymous_2)
FN:22,(anonymous_3)
FN:27,(anonymous_4)
FNF:4
FNH:4
FNDA:2,(anonymous_1)
FNDA:1,(anonymous_2)
FNDA:1,(anonymous_3)
FNDA:1,(anonymous_4)
DA:2,2
DA:4,2
DA:6,2
DA:7,2
DA:8,2
DA:10,1
DA:11,1
DA:12,1
DA:14,1
DA:18,2
DA:19,1
DA:22,2
DA:23,1
DA:24,1
DA:27,2
DA:28,1
DA:29,1
LF:17
LH:17
BRF:0
BRH:0
end_of_record
TN:
SF:src\emails\AuthEmail.ts
FN:10,(anonymous_0)
FN:26,(anonymous_1)
FNF:2
FNH:0
FNDA:0,(anonymous_0)
FNDA:0,(anonymous_1)
DA:1,2
DA:9,2
DA:10,2
DA:11,0
DA:23,0
DA:26,2
DA:27,0
DA:39,0
LF:8
LH:4
BRF:0
BRH:0
end_of_record
TN:
SF:src\middleware\auth.ts
FN:13,(anonymous_1)
FNF:1
FNH:1
FNDA:16,(anonymous_1)
DA:2,1
DA:3,1
DA:13,1
DA:14,16
DA:16,16
DA:17,5
DA:18,5
DA:19,5
DA:22,11
DA:24,11
DA:25,0
DA:26,0
DA:27,0
DA:30,11
DA:31,11
DA:32,10
DA:33,10
DA:36,10
DA:39,1
LF:19
LH:16
BRDA:16,0,0,5
BRDA:24,1,0,0
BRDA:32,2,0,10
BRDA:32,3,0,10
BRDA:32,3,1,10
BRF:5
BRH:4
end_of_record
TN:
SF:src\middleware\budget.ts
FN:13,(anonymous_1)
FN:15,(anonymous_2)
FN:26,(anonymous_3)
FN:42,(anonymous_4)
FN:49,(anonymous_5)
FN:54,hasAccess
FNF:6
FNH:6
FNDA:7,(anonymous_1)
FNDA:6,(anonymous_2)
FNDA:9,(anonymous_3)
FNDA:2,(anonymous_4)
FNDA:2,(anonymous_5)
FNDA:3,hasAccess
DA:2,3
DA:3,3
DA:13,3
DA:14,7
DA:15,6
DA:18,7
DA:19,7
DA:20,1
DA:21,1
DA:23,6
DA:26,3
DA:27,9
DA:28,9
DA:29,9
DA:30,8
DA:31,7
DA:32,7
DA:33,7
DA:35,1
DA:36,1
DA:38,1
DA:42,3
DA:43,2
DA:46,2
DA:49,2
DA:51,2
DA:54,3
DA:55,3
DA:56,2
DA:57,2
DA:58,2
DA:61,1
LF:32
LH:32
BRDA:19,0,0,1
BRDA:30,1,0,7
BRDA:55,2,0,2
BRF:3
BRH:3
end_of_record
TN:
SF:src\middleware\expense.ts
FN:13,(anonymous_1)
FN:20,(anonymous_2)
FN:25,(anonymous_3)
FN:26,(anonymous_4)
FN:38,(anonymous_5)
FNF:5
FNH:1
FNDA:0,(anonymous_1)
FNDA:0,(anonymous_2)
FNDA:0,(anonymous_3)
FNDA:0,(anonymous_4)
FNDA:3,(anonymous_5)
DA:2,2
DA:3,2
DA:13,2
DA:14,0
DA:17,0
DA:20,0
DA:22,0
DA:25,2
DA:26,0
DA:30,0
DA:31,0
DA:32,0
DA:33,0
DA:35,0
DA:38,2
DA:39,3
DA:40,3
DA:41,3
DA:42,2
DA:43,1
DA:44,1
DA:45,1
DA:47,1
DA:48,1
DA:50,1
LF:25
LH:15
BRDA:31,0,0,0
BRDA:42,1,0,1
BRF:2
BRH:1
end_of_record
TN:
SF:src\middleware\validation.ts
FN:4,(anonymous_0)
FNF:1
FNH:1
FNDA:21,(anonymous_0)
DA:2,1
DA:4,1
DA:5,21
DA:6,21
DA:7,8
DA:8,8
DA:10,13
LF:7
LH:7
BRDA:6,0,0,8
BRF:1
BRH:1
end_of_record
TN:
SF:src\models\Budget.ts
FN:24,(anonymous_3)
FN:30,(anonymous_4)
FN:33,(anonymous_5)
FNF:3
FNH:3
FNDA:2,(anonymous_3)
FNDA:2,(anonymous_4)
FNDA:2,(anonymous_5)
DA:1,3
DA:2,3
DA:3,3
DA:11,3
DA:16,3
DA:22,3
DA:24,2
DA:28,3
DA:30,2
DA:31,3
DA:33,2
DA:34,3
DA:37,3
LF:13
LH:13
BRF:0
BRH:0
end_of_record
TN:
SF:src\models\Expense.ts
FN:22,(anonymous_3)
FN:26,(anonymous_4)
FNF:2
FNH:2
FNDA:2,(anonymous_3)
FNDA:2,(anonymous_4)
DA:1,3
DA:2,3
DA:8,3
DA:14,3
DA:20,3
DA:22,2
DA:23,3
DA:26,2
DA:27,3
DA:29,3
LF:10
LH:10
BRF:0
BRH:0
end_of_record
TN:
SF:src\models\User.ts
FN:39,(anonymous_3)
FNF:1
FNH:1
FNDA:2,(anonymous_3)
DA:1,3
DA:2,3
DA:8,3
DA:13,3
DA:19,3
DA:26,3
DA:31,3
DA:37,3
DA:39,2
DA:43,3
DA:45,3
LF:11
LH:11
BRF:0
BRH:0
end_of_record
TN:
SF:src\routes\authRouter.ts
FNF:0
FNH:0
DA:1,1
DA:2,1
DA:3,1
DA:4,1
DA:5,1
DA:6,1
DA:9,1
DA:11,1
DA:13,1
DA:23,1
DA:30,1
DA:38,1
DA:44,1
DA:52,1
DA:62,1
DA:66,1
DA:75,1
DA:82,1
LF:18
LH:18
BRF:0
BRH:0
end_of_record
TN:
SF:src\routes\budgetRouter.ts
FNF:0
FNH:0
DA:1,1
DA:3,1
DA:4,1
DA:5,1
DA:6,1
DA:7,1
DA:8,1
DA:10,1
DA:12,1
DA:16,1
DA:17,1
DA:18,1
DA:20,1
DA:21,1
DA:25,1
DA:27,1
DA:29,1
DA:35,1
DA:40,1
DA:44,1
DA:49,1
DA:54,1
DA:59,1
DA:62,1
LF:24
LH:24
BRF:0
BRH:0
end_of_record
TN:
SF:src\tests\mocks\budgets.ts
FNF:0
FNH:0
DA:1,3
LF:1
LH:1
BRF:0
BRH:0
end_of_record
TN:
SF:src\tests\mocks\expenses.ts
FNF:0
FNH:0
DA:1,2
LF:1
LH:1
BRF:0
BRH:0
end_of_record
TN:
SF:src\utils\auth.ts
FN:3,(anonymous_1)
FN:8,(anonymous_2)
FNF:2
FNH:1
FNDA:0,(anonymous_1)
FNDA:5,(anonymous_2)
DA:1,2
DA:3,2
DA:4,0
DA:5,0
DA:8,2
DA:9,5
LF:6
LH:4
BRF:0
BRH:0
end_of_record
TN:
SF:src\utils\jwt.ts
FN:5,(anonymous_1)
FNF:1
FNH:1
FNDA:5,(anonymous_1)
DA:1,2
DA:2,2
DA:3,2
DA:5,2
DA:6,5
DA:9,5
LF:6
LH:6
BRF:0
BRH:0
end_of_record
TN:
SF:src\utils\token.ts
FN:1,(anonymous_0)
FNF:1
FNH:0
FNDA:0,(anonymous_0)
DA:1,2
LF:1
LH:1
BRF:0
BRH:0
end_of_record
